{"C:\\Users\\St. Clout\\Desktop\\movie-listings-api\\src\\helpers\\filmhouse\\index.spec.js":{"path":"C:\\Users\\St. Clout\\Desktop\\movie-listings-api\\src\\helpers\\filmhouse\\index.spec.js","statementMap":{"0":{"start":{"line":3,"column":13},"end":{"line":3,"column":29}},"1":{"start":{"line":5,"column":12},"end":{"line":5,"column":27}},"2":{"start":{"line":7,"column":8},"end":{"line":7,"column":20}},"3":{"start":{"line":10,"column":0},"end":{"line":18,"column":3}},"4":{"start":{"line":11,"column":2},"end":{"line":17,"column":5}},"5":{"start":{"line":12,"column":20},"end":{"line":12,"column":89}},"6":{"start":{"line":13,"column":29},"end":{"line":13,"column":62}},"7":{"start":{"line":14,"column":4},"end":{"line":16,"column":7}},"8":{"start":{"line":15,"column":6},"end":{"line":15,"column":69}},"9":{"start":{"line":19,"column":0},"end":{"line":29,"column":3}},"10":{"start":{"line":20,"column":2},"end":{"line":28,"column":5}},"11":{"start":{"line":21,"column":16},"end":{"line":21,"column":26}},"12":{"start":{"line":22,"column":20},"end":{"line":22,"column":96}},"13":{"start":{"line":23,"column":26},"end":{"line":23,"column":61}},"14":{"start":{"line":24,"column":4},"end":{"line":27,"column":7}},"15":{"start":{"line":25,"column":17},"end":{"line":25,"column":27}},"16":{"start":{"line":26,"column":6},"end":{"line":26,"column":85}}},"fnMap":{"0":{"name":"(anonymous_0)","decl":{"start":{"line":10,"column":40},"end":{"line":10,"column":41}},"loc":{"start":{"line":10,"column":52},"end":{"line":18,"column":1}},"line":10},"1":{"name":"(anonymous_1)","decl":{"start":{"line":11,"column":64},"end":{"line":11,"column":65}},"loc":{"start":{"line":11,"column":76},"end":{"line":17,"column":3}},"line":11},"2":{"name":"(anonymous_2)","decl":{"start":{"line":14,"column":31},"end":{"line":14,"column":32}},"loc":{"start":{"line":14,"column":51},"end":{"line":16,"column":5}},"line":14},"3":{"name":"(anonymous_3)","decl":{"start":{"line":19,"column":42},"end":{"line":19,"column":43}},"loc":{"start":{"line":19,"column":54},"end":{"line":29,"column":1}},"line":19},"4":{"name":"(anonymous_4)","decl":{"start":{"line":20,"column":59},"end":{"line":20,"column":60}},"loc":{"start":{"line":20,"column":71},"end":{"line":28,"column":3}},"line":20},"5":{"name":"(anonymous_5)","decl":{"start":{"line":24,"column":28},"end":{"line":24,"column":29}},"loc":{"start":{"line":24,"column":44},"end":{"line":27,"column":5}},"line":24}},"branchMap":{},"s":{"0":1,"1":1,"2":1,"3":1,"4":1,"5":1,"6":1,"7":1,"8":3,"9":1,"10":1,"11":1,"12":1,"13":1,"14":1,"15":1,"16":1},"f":{"0":1,"1":1,"2":3,"3":1,"4":1,"5":1},"b":{},"_coverageSchema":"43e27e138ebf9cfc5966b082cf9a028302ed4184","hash":"dea5f93d5bc2e6d5790a74d10a001ca408b7f863","contentHash":"bc4da46a5ba084ba30049d703654b1ce600b5a320694a6a6a5879ade75150cbe"},"C:\\Users\\St. Clout\\Desktop\\movie-listings-api\\src\\helpers\\filmhouse\\index.js":{"path":"C:\\Users\\St. Clout\\Desktop\\movie-listings-api\\src\\helpers\\filmhouse\\index.js","statementMap":{"0":{"start":{"line":3,"column":0},"end":{"line":5,"column":3}},"1":{"start":{"line":6,"column":0},"end":{"line":6,"column":333}},"2":{"start":{"line":8,"column":54},"end":{"line":8,"column":73}},"3":{"start":{"line":8,"column":75},"end":{"line":8,"column":326}},"4":{"start":{"line":8,"column":125},"end":{"line":8,"column":161}},"5":{"start":{"line":8,"column":163},"end":{"line":8,"column":292}},"6":{"start":{"line":8,"column":183},"end":{"line":8,"column":292}},"7":{"start":{"line":8,"column":225},"end":{"line":8,"column":288}},"8":{"start":{"line":8,"column":293},"end":{"line":8,"column":324}},"9":{"start":{"line":8,"column":327},"end":{"line":8,"column":339}},"10":{"start":{"line":10,"column":33},"end":{"line":10,"column":501}},"11":{"start":{"line":10,"column":46},"end":{"line":10,"column":47}},"12":{"start":{"line":10,"column":91},"end":{"line":10,"column":131}},"13":{"start":{"line":10,"column":133},"end":{"line":10,"column":499}},"14":{"start":{"line":10,"column":146},"end":{"line":10,"column":239}},"15":{"start":{"line":10,"column":193},"end":{"line":10,"column":235}},"16":{"start":{"line":10,"column":247},"end":{"line":10,"column":499}},"17":{"start":{"line":10,"column":287},"end":{"line":10,"column":361}},"18":{"start":{"line":10,"column":371},"end":{"line":10,"column":497}},"19":{"start":{"line":10,"column":412},"end":{"line":10,"column":493}},"20":{"start":{"line":10,"column":502},"end":{"line":10,"column":516}},"21":{"start":{"line":12,"column":35},"end":{"line":12,"column":115}},"22":{"start":{"line":14,"column":32},"end":{"line":14,"column":103}},"23":{"start":{"line":16,"column":34},"end":{"line":16,"column":160}},"24":{"start":{"line":16,"column":136},"end":{"line":16,"column":160}},"25":{"start":{"line":18,"column":35},"end":{"line":18,"column":164}},"26":{"start":{"line":18,"column":61},"end":{"line":18,"column":149}},"27":{"start":{"line":18,"column":74},"end":{"line":18,"column":75}},"28":{"start":{"line":18,"column":84},"end":{"line":18,"column":105}},"29":{"start":{"line":18,"column":130},"end":{"line":18,"column":147}},"30":{"start":{"line":18,"column":150},"end":{"line":18,"column":162}},"31":{"start":{"line":20,"column":34},"end":{"line":20,"column":117}},"32":{"start":{"line":22,"column":30},"end":{"line":22,"column":106}},"33":{"start":{"line":24,"column":41},"end":{"line":24,"column":155}},"34":{"start":{"line":24,"column":146},"end":{"line":24,"column":153}},"35":{"start":{"line":24,"column":167},"end":{"line":24,"column":169}},"36":{"start":{"line":24,"column":180},"end":{"line":24,"column":184}},"37":{"start":{"line":24,"column":195},"end":{"line":24,"column":200}},"38":{"start":{"line":24,"column":211},"end":{"line":24,"column":220}},"39":{"start":{"line":24,"column":222},"end":{"line":24,"column":509}},"40":{"start":{"line":24,"column":228},"end":{"line":24,"column":371}},"41":{"start":{"line":24,"column":242},"end":{"line":24,"column":264}},"42":{"start":{"line":24,"column":314},"end":{"line":24,"column":334}},"43":{"start":{"line":24,"column":335},"end":{"line":24,"column":369}},"44":{"start":{"line":24,"column":363},"end":{"line":24,"column":369}},"45":{"start":{"line":24,"column":388},"end":{"line":24,"column":398}},"46":{"start":{"line":24,"column":399},"end":{"line":24,"column":408}},"47":{"start":{"line":24,"column":421},"end":{"line":24,"column":507}},"48":{"start":{"line":24,"column":427},"end":{"line":24,"column":475}},"49":{"start":{"line":24,"column":460},"end":{"line":24,"column":475}},"50":{"start":{"line":24,"column":488},"end":{"line":24,"column":505}},"51":{"start":{"line":24,"column":496},"end":{"line":24,"column":505}},"52":{"start":{"line":24,"column":510},"end":{"line":24,"column":522}},"53":{"start":{"line":26,"column":32},"end":{"line":26,"column":67}},"54":{"start":{"line":26,"column":56},"end":{"line":26,"column":67}},"55":{"start":{"line":28,"column":44},"end":{"line":28,"column":195}},"56":{"start":{"line":28,"column":62},"end":{"line":28,"column":166}},"57":{"start":{"line":28,"column":176},"end":{"line":28,"column":193}},"58":{"start":{"line":28,"column":196},"end":{"line":28,"column":207}},"59":{"start":{"line":30,"column":77},"end":{"line":30,"column":175}},"60":{"start":{"line":30,"column":94},"end":{"line":30,"column":107}},"61":{"start":{"line":30,"column":121},"end":{"line":30,"column":131}},"62":{"start":{"line":30,"column":151},"end":{"line":30,"column":165}},"63":{"start":{"line":30,"column":166},"end":{"line":30,"column":173}},"64":{"start":{"line":30,"column":176},"end":{"line":30,"column":263}},"65":{"start":{"line":30,"column":193},"end":{"line":30,"column":208}},"66":{"start":{"line":30,"column":218},"end":{"line":30,"column":261}},"67":{"start":{"line":32,"column":33},"end":{"line":32,"column":387}},"68":{"start":{"line":32,"column":65},"end":{"line":32,"column":69}},"69":{"start":{"line":32,"column":78},"end":{"line":32,"column":87}},"70":{"start":{"line":32,"column":89},"end":{"line":32,"column":384}},"71":{"start":{"line":32,"column":147},"end":{"line":32,"column":167}},"72":{"start":{"line":32,"column":193},"end":{"line":32,"column":264}},"73":{"start":{"line":32,"column":290},"end":{"line":32,"column":360}},"74":{"start":{"line":32,"column":363},"end":{"line":32,"column":380}},"75":{"start":{"line":34,"column":12},"end":{"line":34,"column":28}},"76":{"start":{"line":38,"column":0},"end":{"line":66,"column":3}},"77":{"start":{"line":39,"column":13},"end":{"line":61,"column":5}},"78":{"start":{"line":43,"column":4},"end":{"line":60,"column":16}},"79":{"start":{"line":44,"column":6},"end":{"line":59,"column":7}},"80":{"start":{"line":45,"column":8},"end":{"line":58,"column":9}},"81":{"start":{"line":47,"column":12},"end":{"line":47,"column":110}},"82":{"start":{"line":48,"column":12},"end":{"line":48,"column":30}},"83":{"start":{"line":49,"column":12},"end":{"line":49,"column":30}},"84":{"start":{"line":52,"column":12},"end":{"line":52,"column":37}},"85":{"start":{"line":53,"column":12},"end":{"line":53,"column":60}},"86":{"start":{"line":57,"column":12},"end":{"line":57,"column":35}},"87":{"start":{"line":63,"column":2},"end":{"line":65,"column":4}},"88":{"start":{"line":64,"column":4},"end":{"line":64,"column":39}},"89":{"start":{"line":68,"column":0},"end":{"line":68,"column":58}},"90":{"start":{"line":70,"column":28},"end":{"line":92,"column":1}},"91":{"start":{"line":71,"column":17},"end":{"line":71,"column":87}},"92":{"start":{"line":72,"column":15},"end":{"line":72,"column":17}},"93":{"start":{"line":74,"column":2},"end":{"line":89,"column":3}},"94":{"start":{"line":74,"column":15},"end":{"line":74,"column":16}},"95":{"start":{"line":75,"column":22},"end":{"line":75,"column":33}},"96":{"start":{"line":76,"column":26},"end":{"line":76,"column":53}},"97":{"start":{"line":77,"column":19},"end":{"line":77,"column":39}},"98":{"start":{"line":78,"column":19},"end":{"line":78,"column":39}},"99":{"start":{"line":80,"column":4},"end":{"line":88,"column":5}},"100":{"start":{"line":81,"column":6},"end":{"line":85,"column":7}},"101":{"start":{"line":82,"column":8},"end":{"line":82,"column":57}},"102":{"start":{"line":84,"column":8},"end":{"line":84,"column":55}},"103":{"start":{"line":87,"column":6},"end":{"line":87,"column":74}},"104":{"start":{"line":91,"column":2},"end":{"line":91,"column":16}},"105":{"start":{"line":94,"column":0},"end":{"line":94,"column":54}},"106":{"start":{"line":98,"column":0},"end":{"line":126,"column":3}},"107":{"start":{"line":99,"column":14},"end":{"line":121,"column":5}},"108":{"start":{"line":103,"column":4},"end":{"line":120,"column":17}},"109":{"start":{"line":104,"column":6},"end":{"line":119,"column":7}},"110":{"start":{"line":105,"column":8},"end":{"line":118,"column":9}},"111":{"start":{"line":107,"column":12},"end":{"line":107,"column":109}},"112":{"start":{"line":108,"column":12},"end":{"line":108,"column":31}},"113":{"start":{"line":109,"column":12},"end":{"line":109,"column":30}},"114":{"start":{"line":112,"column":12},"end":{"line":112,"column":38}},"115":{"start":{"line":113,"column":12},"end":{"line":113,"column":61}},"116":{"start":{"line":117,"column":12},"end":{"line":117,"column":36}},"117":{"start":{"line":123,"column":2},"end":{"line":125,"column":4}},"118":{"start":{"line":124,"column":4},"end":{"line":124,"column":40}},"119":{"start":{"line":128,"column":0},"end":{"line":128,"column":54}},"120":{"start":{"line":130,"column":22},"end":{"line":143,"column":1}},"121":{"start":{"line":131,"column":18},"end":{"line":131,"column":88}},"122":{"start":{"line":132,"column":2},"end":{"line":142,"column":5}},"123":{"start":{"line":133,"column":15},"end":{"line":133,"column":29}},"124":{"start":{"line":135,"column":16},"end":{"line":138,"column":6}},"125":{"start":{"line":139,"column":17},"end":{"line":139,"column":29}},"126":{"start":{"line":141,"column":4},"end":{"line":141,"column":24}},"127":{"start":{"line":145,"column":0},"end":{"line":145,"column":42}},"128":{"start":{"line":147,"column":24},"end":{"line":154,"column":1}},"129":{"start":{"line":148,"column":18},"end":{"line":148,"column":88}},"130":{"start":{"line":149,"column":2},"end":{"line":153,"column":5}},"131":{"start":{"line":150,"column":15},"end":{"line":150,"column":29}},"132":{"start":{"line":151,"column":16},"end":{"line":151,"column":26}},"133":{"start":{"line":152,"column":4},"end":{"line":152,"column":56}},"134":{"start":{"line":156,"column":0},"end":{"line":156,"column":46}},"135":{"start":{"line":160,"column":0},"end":{"line":192,"column":3}},"136":{"start":{"line":161,"column":14},"end":{"line":187,"column":5}},"137":{"start":{"line":165,"column":4},"end":{"line":186,"column":17}},"138":{"start":{"line":166,"column":6},"end":{"line":185,"column":7}},"139":{"start":{"line":167,"column":8},"end":{"line":184,"column":9}},"140":{"start":{"line":169,"column":12},"end":{"line":169,"column":104}},"141":{"start":{"line":170,"column":12},"end":{"line":170,"column":31}},"142":{"start":{"line":171,"column":12},"end":{"line":175,"column":15}},"143":{"start":{"line":178,"column":12},"end":{"line":178,"column":37}},"144":{"start":{"line":179,"column":12},"end":{"line":179,"column":60}},"145":{"start":{"line":183,"column":12},"end":{"line":183,"column":36}},"146":{"start":{"line":189,"column":2},"end":{"line":191,"column":4}},"147":{"start":{"line":190,"column":4},"end":{"line":190,"column":40}},"148":{"start":{"line":194,"column":0},"end":{"line":194,"column":46}},"149":{"start":{"line":198,"column":0},"end":{"line":276,"column":3}},"150":{"start":{"line":199,"column":14},"end":{"line":271,"column":5}},"151":{"start":{"line":216,"column":17},"end":{"line":216,"column":26}},"152":{"start":{"line":218,"column":4},"end":{"line":270,"column":17}},"153":{"start":{"line":219,"column":6},"end":{"line":269,"column":7}},"154":{"start":{"line":220,"column":8},"end":{"line":268,"column":9}},"155":{"start":{"line":222,"column":12},"end":{"line":222,"column":85}},"156":{"start":{"line":223,"column":12},"end":{"line":223,"column":59}},"157":{"start":{"line":224,"column":12},"end":{"line":224,"column":24}},"158":{"start":{"line":225,"column":12},"end":{"line":225,"column":41}},"159":{"start":{"line":226,"column":12},"end":{"line":226,"column":18}},"160":{"start":{"line":229,"column":12},"end":{"line":232,"column":13}},"161":{"start":{"line":230,"column":14},"end":{"line":230,"column":34}},"162":{"start":{"line":231,"column":14},"end":{"line":231,"column":20}},"163":{"start":{"line":234,"column":12},"end":{"line":234,"column":31}},"164":{"start":{"line":235,"column":12},"end":{"line":235,"column":31}},"165":{"start":{"line":238,"column":12},"end":{"line":238,"column":37}},"166":{"start":{"line":239,"column":12},"end":{"line":239,"column":71}},"167":{"start":{"line":240,"column":12},"end":{"line":240,"column":33}},"168":{"start":{"line":241,"column":12},"end":{"line":241,"column":56}},"169":{"start":{"line":243,"column":12},"end":{"line":253,"column":13}},"170":{"start":{"line":244,"column":14},"end":{"line":244,"column":103}},"171":{"start":{"line":245,"column":14},"end":{"line":245,"column":55}},"172":{"start":{"line":247,"column":14},"end":{"line":252,"column":15}},"173":{"start":{"line":248,"column":16},"end":{"line":251,"column":19}},"174":{"start":{"line":255,"column":12},"end":{"line":255,"column":31}},"175":{"start":{"line":258,"column":12},"end":{"line":258,"column":19}},"176":{"start":{"line":259,"column":12},"end":{"line":259,"column":31}},"177":{"start":{"line":260,"column":12},"end":{"line":260,"column":18}},"178":{"start":{"line":263,"column":12},"end":{"line":263,"column":54}},"179":{"start":{"line":267,"column":12},"end":{"line":267,"column":36}},"180":{"start":{"line":273,"column":2},"end":{"line":275,"column":4}},"181":{"start":{"line":274,"column":4},"end":{"line":274,"column":40}},"182":{"start":{"line":278,"column":0},"end":{"line":278,"column":42}},"183":{"start":{"line":282,"column":0},"end":{"line":314,"column":3}},"184":{"start":{"line":283,"column":14},"end":{"line":309,"column":5}},"185":{"start":{"line":287,"column":4},"end":{"line":308,"column":17}},"186":{"start":{"line":288,"column":6},"end":{"line":307,"column":7}},"187":{"start":{"line":289,"column":8},"end":{"line":306,"column":9}},"188":{"start":{"line":291,"column":12},"end":{"line":291,"column":101}},"189":{"start":{"line":292,"column":12},"end":{"line":292,"column":31}},"190":{"start":{"line":293,"column":12},"end":{"line":297,"column":15}},"191":{"start":{"line":300,"column":12},"end":{"line":300,"column":38}},"192":{"start":{"line":301,"column":12},"end":{"line":301,"column":61}},"193":{"start":{"line":305,"column":12},"end":{"line":305,"column":36}},"194":{"start":{"line":311,"column":2},"end":{"line":313,"column":4}},"195":{"start":{"line":312,"column":4},"end":{"line":312,"column":40}},"196":{"start":{"line":316,"column":0},"end":{"line":316,"column":42}},"197":{"start":{"line":320,"column":0},"end":{"line":384,"column":3}},"198":{"start":{"line":321,"column":14},"end":{"line":379,"column":5}},"199":{"start":{"line":331,"column":17},"end":{"line":331,"column":26}},"200":{"start":{"line":332,"column":4},"end":{"line":378,"column":17}},"201":{"start":{"line":333,"column":6},"end":{"line":377,"column":7}},"202":{"start":{"line":334,"column":8},"end":{"line":376,"column":9}},"203":{"start":{"line":336,"column":12},"end":{"line":336,"column":84}},"204":{"start":{"line":337,"column":12},"end":{"line":337,"column":59}},"205":{"start":{"line":338,"column":12},"end":{"line":338,"column":49}},"206":{"start":{"line":339,"column":12},"end":{"line":339,"column":24}},"207":{"start":{"line":340,"column":12},"end":{"line":340,"column":18}},"208":{"start":{"line":343,"column":12},"end":{"line":346,"column":13}},"209":{"start":{"line":344,"column":14},"end":{"line":344,"column":34}},"210":{"start":{"line":345,"column":14},"end":{"line":345,"column":20}},"211":{"start":{"line":348,"column":12},"end":{"line":348,"column":40}},"212":{"start":{"line":350,"column":12},"end":{"line":353,"column":13}},"213":{"start":{"line":351,"column":14},"end":{"line":351,"column":34}},"214":{"start":{"line":352,"column":14},"end":{"line":352,"column":20}},"215":{"start":{"line":355,"column":12},"end":{"line":355,"column":32}},"216":{"start":{"line":356,"column":12},"end":{"line":356,"column":31}},"217":{"start":{"line":359,"column":12},"end":{"line":359,"column":35}},"218":{"start":{"line":360,"column":12},"end":{"line":360,"column":36}},"219":{"start":{"line":363,"column":12},"end":{"line":363,"column":48}},"220":{"start":{"line":366,"column":12},"end":{"line":366,"column":19}},"221":{"start":{"line":367,"column":12},"end":{"line":367,"column":31}},"222":{"start":{"line":368,"column":12},"end":{"line":368,"column":18}},"223":{"start":{"line":371,"column":12},"end":{"line":371,"column":54}},"224":{"start":{"line":375,"column":12},"end":{"line":375,"column":36}},"225":{"start":{"line":381,"column":2},"end":{"line":383,"column":4}},"226":{"start":{"line":382,"column":4},"end":{"line":382,"column":40}},"227":{"start":{"line":386,"column":0},"end":{"line":386,"column":38}},"228":{"start":{"line":390,"column":0},"end":{"line":421,"column":3}},"229":{"start":{"line":391,"column":14},"end":{"line":416,"column":5}},"230":{"start":{"line":395,"column":4},"end":{"line":415,"column":17}},"231":{"start":{"line":396,"column":6},"end":{"line":414,"column":7}},"232":{"start":{"line":397,"column":8},"end":{"line":413,"column":9}},"233":{"start":{"line":399,"column":12},"end":{"line":399,"column":109}},"234":{"start":{"line":400,"column":12},"end":{"line":400,"column":31}},"235":{"start":{"line":401,"column":12},"end":{"line":401,"column":30}},"236":{"start":{"line":404,"column":12},"end":{"line":404,"column":38}},"237":{"start":{"line":405,"column":12},"end":{"line":405,"column":33}},"238":{"start":{"line":406,"column":12},"end":{"line":408,"column":20}},"239":{"start":{"line":407,"column":14},"end":{"line":407,"column":83}},"240":{"start":{"line":412,"column":12},"end":{"line":412,"column":36}},"241":{"start":{"line":418,"column":2},"end":{"line":420,"column":4}},"242":{"start":{"line":419,"column":4},"end":{"line":419,"column":40}},"243":{"start":{"line":423,"column":0},"end":{"line":423,"column":36}},"244":{"start":{"line":425,"column":20},"end":{"line":441,"column":1}},"245":{"start":{"line":426,"column":16},"end":{"line":426,"column":86}},"246":{"start":{"line":427,"column":16},"end":{"line":427,"column":86}},"247":{"start":{"line":429,"column":15},"end":{"line":429,"column":42}},"248":{"start":{"line":431,"column":2},"end":{"line":438,"column":3}},"249":{"start":{"line":431,"column":15},"end":{"line":431,"column":16}},"250":{"start":{"line":432,"column":20},"end":{"line":432,"column":39}},"251":{"start":{"line":434,"column":4},"end":{"line":437,"column":5}},"252":{"start":{"line":434,"column":17},"end":{"line":434,"column":18}},"253":{"start":{"line":435,"column":19},"end":{"line":435,"column":38}},"254":{"start":{"line":436,"column":6},"end":{"line":436,"column":54}},"255":{"start":{"line":440,"column":2},"end":{"line":440,"column":16}},"256":{"start":{"line":443,"column":0},"end":{"line":443,"column":38}},"257":{"start":{"line":445,"column":19},"end":{"line":447,"column":1}},"258":{"start":{"line":446,"column":2},"end":{"line":446,"column":94}},"259":{"start":{"line":449,"column":0},"end":{"line":449,"column":36}}},"fnMap":{"0":{"name":"ownKeys","decl":{"start":{"line":8,"column":9},"end":{"line":8,"column":16}},"loc":{"start":{"line":8,"column":41},"end":{"line":8,"column":341}},"line":8},"1":{"name":"(anonymous_1)","decl":{"start":{"line":8,"column":208},"end":{"line":8,"column":209}},"loc":{"start":{"line":8,"column":223},"end":{"line":8,"column":290}},"line":8},"2":{"name":"_objectSpread","decl":{"start":{"line":10,"column":9},"end":{"line":10,"column":22}},"loc":{"start":{"line":10,"column":31},"end":{"line":10,"column":518}},"line":10},"3":{"name":"(anonymous_3)","decl":{"start":{"line":10,"column":176},"end":{"line":10,"column":177}},"loc":{"start":{"line":10,"column":191},"end":{"line":10,"column":237}},"line":10},"4":{"name":"(anonymous_4)","decl":{"start":{"line":10,"column":395},"end":{"line":10,"column":396}},"loc":{"start":{"line":10,"column":410},"end":{"line":10,"column":495}},"line":10},"5":{"name":"_toConsumableArray","decl":{"start":{"line":12,"column":9},"end":{"line":12,"column":27}},"loc":{"start":{"line":12,"column":33},"end":{"line":12,"column":117}},"line":12},"6":{"name":"_nonIterableSpread","decl":{"start":{"line":14,"column":9},"end":{"line":14,"column":27}},"loc":{"start":{"line":14,"column":30},"end":{"line":14,"column":105}},"line":14},"7":{"name":"_iterableToArray","decl":{"start":{"line":16,"column":9},"end":{"line":16,"column":25}},"loc":{"start":{"line":16,"column":32},"end":{"line":16,"column":162}},"line":16},"8":{"name":"_arrayWithoutHoles","decl":{"start":{"line":18,"column":9},"end":{"line":18,"column":27}},"loc":{"start":{"line":18,"column":33},"end":{"line":18,"column":166}},"line":18},"9":{"name":"_slicedToArray","decl":{"start":{"line":20,"column":9},"end":{"line":20,"column":23}},"loc":{"start":{"line":20,"column":32},"end":{"line":20,"column":119}},"line":20},"10":{"name":"_nonIterableRest","decl":{"start":{"line":22,"column":9},"end":{"line":22,"column":25}},"loc":{"start":{"line":22,"column":28},"end":{"line":22,"column":108}},"line":22},"11":{"name":"_iterableToArrayLimit","decl":{"start":{"line":24,"column":9},"end":{"line":24,"column":30}},"loc":{"start":{"line":24,"column":39},"end":{"line":24,"column":524}},"line":24},"12":{"name":"_arrayWithHoles","decl":{"start":{"line":26,"column":9},"end":{"line":26,"column":24}},"loc":{"start":{"line":26,"column":30},"end":{"line":26,"column":69}},"line":26},"13":{"name":"_defineProperty","decl":{"start":{"line":28,"column":9},"end":{"line":28,"column":24}},"loc":{"start":{"line":28,"column":42},"end":{"line":28,"column":209}},"line":28},"14":{"name":"asyncGeneratorStep","decl":{"start":{"line":30,"column":9},"end":{"line":30,"column":27}},"loc":{"start":{"line":30,"column":75},"end":{"line":30,"column":265}},"line":30},"15":{"name":"_asyncToGenerator","decl":{"start":{"line":32,"column":9},"end":{"line":32,"column":26}},"loc":{"start":{"line":32,"column":31},"end":{"line":32,"column":389}},"line":32},"16":{"name":"(anonymous_16)","decl":{"start":{"line":32,"column":40},"end":{"line":32,"column":41}},"loc":{"start":{"line":32,"column":52},"end":{"line":32,"column":386}},"line":32},"17":{"name":"(anonymous_17)","decl":{"start":{"line":32,"column":108},"end":{"line":32,"column":109}},"loc":{"start":{"line":32,"column":135},"end":{"line":32,"column":382}},"line":32},"18":{"name":"_next","decl":{"start":{"line":32,"column":178},"end":{"line":32,"column":183}},"loc":{"start":{"line":32,"column":191},"end":{"line":32,"column":266}},"line":32},"19":{"name":"_throw","decl":{"start":{"line":32,"column":276},"end":{"line":32,"column":282}},"loc":{"start":{"line":32,"column":288},"end":{"line":32,"column":362}},"line":32},"20":{"name":"(anonymous_20)","decl":{"start":{"line":38,"column":0},"end":{"line":38,"column":1}},"loc":{"start":{"line":38,"column":12},"end":{"line":66,"column":1}},"line":38},"21":{"name":"_callee","decl":{"start":{"line":41,"column":35},"end":{"line":41,"column":42}},"loc":{"start":{"line":41,"column":45},"end":{"line":61,"column":3}},"line":41},"22":{"name":"_callee$","decl":{"start":{"line":43,"column":44},"end":{"line":43,"column":52}},"loc":{"start":{"line":43,"column":63},"end":{"line":60,"column":5}},"line":43},"23":{"name":"fetchNowShowingSessions","decl":{"start":{"line":63,"column":18},"end":{"line":63,"column":41}},"loc":{"start":{"line":63,"column":44},"end":{"line":65,"column":3}},"line":63},"24":{"name":"setNowShowingSessions","decl":{"start":{"line":70,"column":37},"end":{"line":70,"column":58}},"loc":{"start":{"line":70,"column":61},"end":{"line":92,"column":1}},"line":70},"25":{"name":"(anonymous_25)","decl":{"start":{"line":98,"column":0},"end":{"line":98,"column":1}},"loc":{"start":{"line":98,"column":12},"end":{"line":126,"column":1}},"line":98},"26":{"name":"_callee2","decl":{"start":{"line":101,"column":35},"end":{"line":101,"column":43}},"loc":{"start":{"line":101,"column":46},"end":{"line":121,"column":3}},"line":101},"27":{"name":"_callee2$","decl":{"start":{"line":103,"column":44},"end":{"line":103,"column":53}},"loc":{"start":{"line":103,"column":65},"end":{"line":120,"column":5}},"line":103},"28":{"name":"fetchComingSoonMovies","decl":{"start":{"line":123,"column":18},"end":{"line":123,"column":39}},"loc":{"start":{"line":123,"column":42},"end":{"line":125,"column":3}},"line":123},"29":{"name":"formatShowtimes","decl":{"start":{"line":130,"column":31},"end":{"line":130,"column":46}},"loc":{"start":{"line":130,"column":49},"end":{"line":143,"column":1}},"line":130},"30":{"name":"(anonymous_30)","decl":{"start":{"line":132,"column":23},"end":{"line":132,"column":24}},"loc":{"start":{"line":132,"column":39},"end":{"line":142,"column":3}},"line":132},"31":{"name":"getTodayShowtimes","decl":{"start":{"line":147,"column":33},"end":{"line":147,"column":50}},"loc":{"start":{"line":147,"column":53},"end":{"line":154,"column":1}},"line":147},"32":{"name":"(anonymous_32)","decl":{"start":{"line":149,"column":26},"end":{"line":149,"column":27}},"loc":{"start":{"line":149,"column":42},"end":{"line":153,"column":3}},"line":149},"33":{"name":"(anonymous_33)","decl":{"start":{"line":160,"column":0},"end":{"line":160,"column":1}},"loc":{"start":{"line":160,"column":12},"end":{"line":192,"column":1}},"line":160},"34":{"name":"_callee3","decl":{"start":{"line":163,"column":35},"end":{"line":163,"column":43}},"loc":{"start":{"line":163,"column":48},"end":{"line":187,"column":3}},"line":163},"35":{"name":"_callee3$","decl":{"start":{"line":165,"column":44},"end":{"line":165,"column":53}},"loc":{"start":{"line":165,"column":65},"end":{"line":186,"column":5}},"line":165},"36":{"name":"fetchMovieDetails","decl":{"start":{"line":189,"column":18},"end":{"line":189,"column":35}},"loc":{"start":{"line":189,"column":40},"end":{"line":191,"column":3}},"line":189},"37":{"name":"(anonymous_37)","decl":{"start":{"line":198,"column":0},"end":{"line":198,"column":1}},"loc":{"start":{"line":198,"column":12},"end":{"line":276,"column":1}},"line":198},"38":{"name":"_callee4","decl":{"start":{"line":201,"column":35},"end":{"line":201,"column":43}},"loc":{"start":{"line":201,"column":46},"end":{"line":271,"column":3}},"line":201},"39":{"name":"_callee4$","decl":{"start":{"line":218,"column":44},"end":{"line":218,"column":53}},"loc":{"start":{"line":218,"column":65},"end":{"line":270,"column":5}},"line":218},"40":{"name":"setMovieDetails","decl":{"start":{"line":273,"column":18},"end":{"line":273,"column":33}},"loc":{"start":{"line":273,"column":36},"end":{"line":275,"column":3}},"line":273},"41":{"name":"(anonymous_41)","decl":{"start":{"line":282,"column":0},"end":{"line":282,"column":1}},"loc":{"start":{"line":282,"column":12},"end":{"line":314,"column":1}},"line":282},"42":{"name":"_callee5","decl":{"start":{"line":285,"column":35},"end":{"line":285,"column":43}},"loc":{"start":{"line":285,"column":48},"end":{"line":309,"column":3}},"line":285},"43":{"name":"_callee5$","decl":{"start":{"line":287,"column":44},"end":{"line":287,"column":53}},"loc":{"start":{"line":287,"column":65},"end":{"line":308,"column":5}},"line":287},"44":{"name":"fetchMovieGenre","decl":{"start":{"line":311,"column":18},"end":{"line":311,"column":33}},"loc":{"start":{"line":311,"column":39},"end":{"line":313,"column":3}},"line":311},"45":{"name":"(anonymous_45)","decl":{"start":{"line":320,"column":0},"end":{"line":320,"column":1}},"loc":{"start":{"line":320,"column":12},"end":{"line":384,"column":1}},"line":320},"46":{"name":"_callee6","decl":{"start":{"line":323,"column":35},"end":{"line":323,"column":43}},"loc":{"start":{"line":323,"column":46},"end":{"line":379,"column":3}},"line":323},"47":{"name":"_callee6$","decl":{"start":{"line":332,"column":44},"end":{"line":332,"column":53}},"loc":{"start":{"line":332,"column":65},"end":{"line":378,"column":5}},"line":332},"48":{"name":"setMovieGenre","decl":{"start":{"line":381,"column":18},"end":{"line":381,"column":31}},"loc":{"start":{"line":381,"column":34},"end":{"line":383,"column":3}},"line":381},"49":{"name":"(anonymous_49)","decl":{"start":{"line":390,"column":0},"end":{"line":390,"column":1}},"loc":{"start":{"line":390,"column":12},"end":{"line":421,"column":1}},"line":390},"50":{"name":"_callee7","decl":{"start":{"line":393,"column":35},"end":{"line":393,"column":43}},"loc":{"start":{"line":393,"column":46},"end":{"line":416,"column":3}},"line":393},"51":{"name":"_callee7$","decl":{"start":{"line":395,"column":44},"end":{"line":395,"column":53}},"loc":{"start":{"line":395,"column":65},"end":{"line":415,"column":5}},"line":395},"52":{"name":"(anonymous_52)","decl":{"start":{"line":406,"column":58},"end":{"line":406,"column":59}},"loc":{"start":{"line":406,"column":78},"end":{"line":408,"column":13}},"line":406},"53":{"name":"fetchCinemas","decl":{"start":{"line":418,"column":18},"end":{"line":418,"column":30}},"loc":{"start":{"line":418,"column":33},"end":{"line":420,"column":3}},"line":418},"54":{"name":"setCinemaName","decl":{"start":{"line":425,"column":29},"end":{"line":425,"column":42}},"loc":{"start":{"line":425,"column":45},"end":{"line":441,"column":1}},"line":425},"55":{"name":"getPosterUrl","decl":{"start":{"line":445,"column":28},"end":{"line":445,"column":40}},"loc":{"start":{"line":445,"column":45},"end":{"line":447,"column":1}},"line":445}},"branchMap":{"0":{"loc":{"start":{"line":8,"column":75},"end":{"line":8,"column":326}},"type":"if","locations":[{"start":{"line":8,"column":75},"end":{"line":8,"column":326}},{"start":{"line":8,"column":75},"end":{"line":8,"column":326}}],"line":8},"1":{"loc":{"start":{"line":8,"column":163},"end":{"line":8,"column":292}},"type":"if","locations":[{"start":{"line":8,"column":163},"end":{"line":8,"column":292}},{"start":{"line":8,"column":163},"end":{"line":8,"column":292}}],"line":8},"2":{"loc":{"start":{"line":10,"column":91},"end":{"line":10,"column":131}},"type":"cond-expr","locations":[{"start":{"line":10,"column":114},"end":{"line":10,"column":126}},{"start":{"line":10,"column":129},"end":{"line":10,"column":131}}],"line":10},"3":{"loc":{"start":{"line":10,"column":133},"end":{"line":10,"column":499}},"type":"if","locations":[{"start":{"line":10,"column":133},"end":{"line":10,"column":499}},{"start":{"line":10,"column":133},"end":{"line":10,"column":499}}],"line":10},"4":{"loc":{"start":{"line":10,"column":247},"end":{"line":10,"column":499}},"type":"if","locations":[{"start":{"line":10,"column":247},"end":{"line":10,"column":499}},{"start":{"line":10,"column":247},"end":{"line":10,"column":499}}],"line":10},"5":{"loc":{"start":{"line":12,"column":42},"end":{"line":12,"column":114}},"type":"binary-expr","locations":[{"start":{"line":12,"column":42},"end":{"line":12,"column":65}},{"start":{"line":12,"column":69},"end":{"line":12,"column":90}},{"start":{"line":12,"column":94},"end":{"line":12,"column":114}}],"line":12},"6":{"loc":{"start":{"line":16,"column":34},"end":{"line":16,"column":160}},"type":"if","locations":[{"start":{"line":16,"column":34},"end":{"line":16,"column":160}},{"start":{"line":16,"column":34},"end":{"line":16,"column":160}}],"line":16},"7":{"loc":{"start":{"line":16,"column":38},"end":{"line":16,"column":134}},"type":"binary-expr","locations":[{"start":{"line":16,"column":38},"end":{"line":16,"column":69}},{"start":{"line":16,"column":73},"end":{"line":16,"column":134}}],"line":16},"8":{"loc":{"start":{"line":18,"column":35},"end":{"line":18,"column":164}},"type":"if","locations":[{"start":{"line":18,"column":35},"end":{"line":18,"column":164}},{"start":{"line":18,"column":35},"end":{"line":18,"column":164}}],"line":18},"9":{"loc":{"start":{"line":20,"column":41},"end":{"line":20,"column":116}},"type":"binary-expr","locations":[{"start":{"line":20,"column":41},"end":{"line":20,"column":61}},{"start":{"line":20,"column":65},"end":{"line":20,"column":94}},{"start":{"line":20,"column":98},"end":{"line":20,"column":116}}],"line":20},"10":{"loc":{"start":{"line":24,"column":41},"end":{"line":24,"column":155}},"type":"if","locations":[{"start":{"line":24,"column":41},"end":{"line":24,"column":155}},{"start":{"line":24,"column":41},"end":{"line":24,"column":155}}],"line":24},"11":{"loc":{"start":{"line":24,"column":47},"end":{"line":24,"column":141}},"type":"binary-expr","locations":[{"start":{"line":24,"column":47},"end":{"line":24,"column":77}},{"start":{"line":24,"column":81},"end":{"line":24,"column":141}}],"line":24},"12":{"loc":{"start":{"line":24,"column":335},"end":{"line":24,"column":369}},"type":"if","locations":[{"start":{"line":24,"column":335},"end":{"line":24,"column":369}},{"start":{"line":24,"column":335},"end":{"line":24,"column":369}}],"line":24},"13":{"loc":{"start":{"line":24,"column":339},"end":{"line":24,"column":361}},"type":"binary-expr","locations":[{"start":{"line":24,"column":339},"end":{"line":24,"column":340}},{"start":{"line":24,"column":344},"end":{"line":24,"column":361}}],"line":24},"14":{"loc":{"start":{"line":24,"column":427},"end":{"line":24,"column":475}},"type":"if","locations":[{"start":{"line":24,"column":427},"end":{"line":24,"column":475}},{"start":{"line":24,"column":427},"end":{"line":24,"column":475}}],"line":24},"15":{"loc":{"start":{"line":24,"column":431},"end":{"line":24,"column":458}},"type":"binary-expr","locations":[{"start":{"line":24,"column":431},"end":{"line":24,"column":434}},{"start":{"line":24,"column":438},"end":{"line":24,"column":458}}],"line":24},"16":{"loc":{"start":{"line":24,"column":488},"end":{"line":24,"column":505}},"type":"if","locations":[{"start":{"line":24,"column":488},"end":{"line":24,"column":505}},{"start":{"line":24,"column":488},"end":{"line":24,"column":505}}],"line":24},"17":{"loc":{"start":{"line":26,"column":32},"end":{"line":26,"column":67}},"type":"if","locations":[{"start":{"line":26,"column":32},"end":{"line":26,"column":67}},{"start":{"line":26,"column":32},"end":{"line":26,"column":67}}],"line":26},"18":{"loc":{"start":{"line":28,"column":44},"end":{"line":28,"column":195}},"type":"if","locations":[{"start":{"line":28,"column":44},"end":{"line":28,"column":195}},{"start":{"line":28,"column":44},"end":{"line":28,"column":195}}],"line":28},"19":{"loc":{"start":{"line":30,"column":176},"end":{"line":30,"column":263}},"type":"if","locations":[{"start":{"line":30,"column":176},"end":{"line":30,"column":263}},{"start":{"line":30,"column":176},"end":{"line":30,"column":263}}],"line":30},"20":{"loc":{"start":{"line":45,"column":8},"end":{"line":58,"column":9}},"type":"switch","locations":[{"start":{"line":46,"column":10},"end":{"line":49,"column":30}},{"start":{"line":51,"column":10},"end":{"line":53,"column":60}},{"start":{"line":55,"column":10},"end":{"line":55,"column":17}},{"start":{"line":56,"column":10},"end":{"line":57,"column":35}}],"line":45},"21":{"loc":{"start":{"line":71,"column":17},"end":{"line":71,"column":87}},"type":"cond-expr","locations":[{"start":{"line":71,"column":70},"end":{"line":71,"column":82}},{"start":{"line":71,"column":85},"end":{"line":71,"column":87}}],"line":71},"22":{"loc":{"start":{"line":71,"column":17},"end":{"line":71,"column":67}},"type":"binary-expr","locations":[{"start":{"line":71,"column":17},"end":{"line":71,"column":37}},{"start":{"line":71,"column":41},"end":{"line":71,"column":67}}],"line":71},"23":{"loc":{"start":{"line":80,"column":4},"end":{"line":88,"column":5}},"type":"if","locations":[{"start":{"line":80,"column":4},"end":{"line":88,"column":5}},{"start":{"line":80,"column":4},"end":{"line":88,"column":5}}],"line":80},"24":{"loc":{"start":{"line":81,"column":6},"end":{"line":85,"column":7}},"type":"if","locations":[{"start":{"line":81,"column":6},"end":{"line":85,"column":7}},{"start":{"line":81,"column":6},"end":{"line":85,"column":7}}],"line":81},"25":{"loc":{"start":{"line":105,"column":8},"end":{"line":118,"column":9}},"type":"switch","locations":[{"start":{"line":106,"column":10},"end":{"line":109,"column":30}},{"start":{"line":111,"column":10},"end":{"line":113,"column":61}},{"start":{"line":115,"column":10},"end":{"line":115,"column":17}},{"start":{"line":116,"column":10},"end":{"line":117,"column":36}}],"line":105},"26":{"loc":{"start":{"line":131,"column":18},"end":{"line":131,"column":88}},"type":"cond-expr","locations":[{"start":{"line":131,"column":71},"end":{"line":131,"column":83}},{"start":{"line":131,"column":86},"end":{"line":131,"column":88}}],"line":131},"27":{"loc":{"start":{"line":131,"column":18},"end":{"line":131,"column":68}},"type":"binary-expr","locations":[{"start":{"line":131,"column":18},"end":{"line":131,"column":38}},{"start":{"line":131,"column":42},"end":{"line":131,"column":68}}],"line":131},"28":{"loc":{"start":{"line":148,"column":18},"end":{"line":148,"column":88}},"type":"cond-expr","locations":[{"start":{"line":148,"column":71},"end":{"line":148,"column":83}},{"start":{"line":148,"column":86},"end":{"line":148,"column":88}}],"line":148},"29":{"loc":{"start":{"line":148,"column":18},"end":{"line":148,"column":68}},"type":"binary-expr","locations":[{"start":{"line":148,"column":18},"end":{"line":148,"column":38}},{"start":{"line":148,"column":42},"end":{"line":148,"column":68}}],"line":148},"30":{"loc":{"start":{"line":167,"column":8},"end":{"line":184,"column":9}},"type":"switch","locations":[{"start":{"line":168,"column":10},"end":{"line":175,"column":15}},{"start":{"line":177,"column":10},"end":{"line":179,"column":60}},{"start":{"line":181,"column":10},"end":{"line":181,"column":17}},{"start":{"line":182,"column":10},"end":{"line":183,"column":36}}],"line":167},"31":{"loc":{"start":{"line":220,"column":8},"end":{"line":268,"column":9}},"type":"switch","locations":[{"start":{"line":221,"column":10},"end":{"line":226,"column":18}},{"start":{"line":228,"column":10},"end":{"line":235,"column":31}},{"start":{"line":237,"column":10},"end":{"line":255,"column":31}},{"start":{"line":257,"column":10},"end":{"line":260,"column":18}},{"start":{"line":262,"column":10},"end":{"line":263,"column":54}},{"start":{"line":265,"column":10},"end":{"line":265,"column":18}},{"start":{"line":266,"column":10},"end":{"line":267,"column":36}}],"line":220},"32":{"loc":{"start":{"line":222,"column":23},"end":{"line":222,"column":84}},"type":"cond-expr","locations":[{"start":{"line":222,"column":70},"end":{"line":222,"column":79}},{"start":{"line":222,"column":82},"end":{"line":222,"column":84}}],"line":222},"33":{"loc":{"start":{"line":222,"column":23},"end":{"line":222,"column":67}},"type":"binary-expr","locations":[{"start":{"line":222,"column":23},"end":{"line":222,"column":40}},{"start":{"line":222,"column":44},"end":{"line":222,"column":67}}],"line":222},"34":{"loc":{"start":{"line":223,"column":17},"end":{"line":223,"column":58}},"type":"cond-expr","locations":[{"start":{"line":223,"column":37},"end":{"line":223,"column":46}},{"start":{"line":223,"column":49},"end":{"line":223,"column":58}}],"line":223},"35":{"loc":{"start":{"line":229,"column":12},"end":{"line":232,"column":13}},"type":"if","locations":[{"start":{"line":229,"column":12},"end":{"line":232,"column":13}},{"start":{"line":229,"column":12},"end":{"line":232,"column":13}}],"line":229},"36":{"loc":{"start":{"line":247,"column":14},"end":{"line":252,"column":15}},"type":"if","locations":[{"start":{"line":247,"column":14},"end":{"line":252,"column":15}},{"start":{"line":247,"column":14},"end":{"line":252,"column":15}}],"line":247},"37":{"loc":{"start":{"line":289,"column":8},"end":{"line":306,"column":9}},"type":"switch","locations":[{"start":{"line":290,"column":10},"end":{"line":297,"column":15}},{"start":{"line":299,"column":10},"end":{"line":301,"column":61}},{"start":{"line":303,"column":10},"end":{"line":303,"column":17}},{"start":{"line":304,"column":10},"end":{"line":305,"column":36}}],"line":289},"38":{"loc":{"start":{"line":334,"column":8},"end":{"line":376,"column":9}},"type":"switch","locations":[{"start":{"line":335,"column":10},"end":{"line":340,"column":18}},{"start":{"line":342,"column":10},"end":{"line":356,"column":31}},{"start":{"line":358,"column":10},"end":{"line":360,"column":36}},{"start":{"line":362,"column":10},"end":{"line":363,"column":48}},{"start":{"line":365,"column":10},"end":{"line":368,"column":18}},{"start":{"line":370,"column":10},"end":{"line":371,"column":54}},{"start":{"line":373,"column":10},"end":{"line":373,"column":18}},{"start":{"line":374,"column":10},"end":{"line":375,"column":36}}],"line":334},"39":{"loc":{"start":{"line":336,"column":22},"end":{"line":336,"column":83}},"type":"cond-expr","locations":[{"start":{"line":336,"column":69},"end":{"line":336,"column":78}},{"start":{"line":336,"column":81},"end":{"line":336,"column":83}}],"line":336},"40":{"loc":{"start":{"line":336,"column":22},"end":{"line":336,"column":66}},"type":"binary-expr","locations":[{"start":{"line":336,"column":22},"end":{"line":336,"column":39}},{"start":{"line":336,"column":43},"end":{"line":336,"column":66}}],"line":336},"41":{"loc":{"start":{"line":337,"column":17},"end":{"line":337,"column":58}},"type":"cond-expr","locations":[{"start":{"line":337,"column":37},"end":{"line":337,"column":46}},{"start":{"line":337,"column":49},"end":{"line":337,"column":58}}],"line":337},"42":{"loc":{"start":{"line":343,"column":12},"end":{"line":346,"column":13}},"type":"if","locations":[{"start":{"line":343,"column":12},"end":{"line":346,"column":13}},{"start":{"line":343,"column":12},"end":{"line":346,"column":13}}],"line":343},"43":{"loc":{"start":{"line":350,"column":12},"end":{"line":353,"column":13}},"type":"if","locations":[{"start":{"line":350,"column":12},"end":{"line":353,"column":13}},{"start":{"line":350,"column":12},"end":{"line":353,"column":13}}],"line":350},"44":{"loc":{"start":{"line":397,"column":8},"end":{"line":413,"column":9}},"type":"switch","locations":[{"start":{"line":398,"column":10},"end":{"line":401,"column":30}},{"start":{"line":403,"column":10},"end":{"line":408,"column":20}},{"start":{"line":410,"column":10},"end":{"line":410,"column":17}},{"start":{"line":411,"column":10},"end":{"line":412,"column":36}}],"line":397},"45":{"loc":{"start":{"line":426,"column":16},"end":{"line":426,"column":86}},"type":"cond-expr","locations":[{"start":{"line":426,"column":69},"end":{"line":426,"column":81}},{"start":{"line":426,"column":84},"end":{"line":426,"column":86}}],"line":426},"46":{"loc":{"start":{"line":426,"column":16},"end":{"line":426,"column":66}},"type":"binary-expr","locations":[{"start":{"line":426,"column":16},"end":{"line":426,"column":36}},{"start":{"line":426,"column":40},"end":{"line":426,"column":66}}],"line":426},"47":{"loc":{"start":{"line":427,"column":16},"end":{"line":427,"column":86}},"type":"cond-expr","locations":[{"start":{"line":427,"column":69},"end":{"line":427,"column":81}},{"start":{"line":427,"column":84},"end":{"line":427,"column":86}}],"line":427},"48":{"loc":{"start":{"line":427,"column":16},"end":{"line":427,"column":66}},"type":"binary-expr","locations":[{"start":{"line":427,"column":16},"end":{"line":427,"column":36}},{"start":{"line":427,"column":40},"end":{"line":427,"column":66}}],"line":427}},"s":{"0":1,"1":1,"2":0,"3":0,"4":0,"5":0,"6":0,"7":0,"8":0,"9":0,"10":0,"11":0,"12":0,"13":0,"14":0,"15":0,"16":0,"17":0,"18":0,"19":0,"20":0,"21":0,"22":0,"23":0,"24":0,"25":0,"26":0,"27":0,"28":0,"29":0,"30":0,"31":0,"32":0,"33":0,"34":0,"35":0,"36":0,"37":0,"38":0,"39":0,"40":0,"41":0,"42":0,"43":0,"44":0,"45":0,"46":0,"47":0,"48":0,"49":0,"50":0,"51":0,"52":0,"53":0,"54":0,"55":0,"56":0,"57":0,"58":0,"59":0,"60":0,"61":0,"62":0,"63":0,"64":0,"65":0,"66":0,"67":7,"68":0,"69":0,"70":0,"71":0,"72":0,"73":0,"74":0,"75":1,"76":1,"77":1,"78":0,"79":0,"80":0,"81":0,"82":0,"83":0,"84":0,"85":0,"86":0,"87":1,"88":0,"89":1,"90":1,"91":0,"92":0,"93":0,"94":0,"95":0,"96":0,"97":0,"98":0,"99":0,"100":0,"101":0,"102":0,"103":0,"104":0,"105":1,"106":1,"107":1,"108":0,"109":0,"110":0,"111":0,"112":0,"113":0,"114":0,"115":0,"116":0,"117":1,"118":0,"119":1,"120":1,"121":1,"122":1,"123":3,"124":3,"125":3,"126":3,"127":1,"128":1,"129":1,"130":1,"131":4,"132":4,"133":4,"134":1,"135":1,"136":1,"137":0,"138":0,"139":0,"140":0,"141":0,"142":0,"143":0,"144":0,"145":0,"146":1,"147":0,"148":1,"149":1,"150":1,"151":0,"152":0,"153":0,"154":0,"155":0,"156":0,"157":0,"158":0,"159":0,"160":0,"161":0,"162":0,"163":0,"164":0,"165":0,"166":0,"167":0,"168":0,"169":0,"170":0,"171":0,"172":0,"173":0,"174":0,"175":0,"176":0,"177":0,"178":0,"179":0,"180":1,"181":0,"182":1,"183":1,"184":1,"185":0,"186":0,"187":0,"188":0,"189":0,"190":0,"191":0,"192":0,"193":0,"194":1,"195":0,"196":1,"197":1,"198":1,"199":0,"200":0,"201":0,"202":0,"203":0,"204":0,"205":0,"206":0,"207":0,"208":0,"209":0,"210":0,"211":0,"212":0,"213":0,"214":0,"215":0,"216":0,"217":0,"218":0,"219":0,"220":0,"221":0,"222":0,"223":0,"224":0,"225":1,"226":0,"227":1,"228":1,"229":1,"230":0,"231":0,"232":0,"233":0,"234":0,"235":0,"236":0,"237":0,"238":0,"239":0,"240":0,"241":1,"242":0,"243":1,"244":1,"245":0,"246":0,"247":0,"248":0,"249":0,"250":0,"251":0,"252":0,"253":0,"254":0,"255":0,"256":1,"257":1,"258":0,"259":1},"f":{"0":0,"1":0,"2":0,"3":0,"4":0,"5":0,"6":0,"7":0,"8":0,"9":0,"10":0,"11":0,"12":0,"13":0,"14":0,"15":7,"16":0,"17":0,"18":0,"19":0,"20":1,"21":0,"22":0,"23":0,"24":0,"25":1,"26":0,"27":0,"28":0,"29":1,"30":3,"31":1,"32":4,"33":1,"34":0,"35":0,"36":0,"37":1,"38":0,"39":0,"40":0,"41":1,"42":0,"43":0,"44":0,"45":1,"46":0,"47":0,"48":0,"49":1,"50":0,"51":0,"52":0,"53":0,"54":0,"55":0},"b":{"0":[0,0],"1":[0,0],"2":[0,0],"3":[0,0],"4":[0,0],"5":[0,0,0],"6":[0,0],"7":[0,0],"8":[0,0],"9":[0,0,0],"10":[0,0],"11":[0,0],"12":[0,0],"13":[0,0],"14":[0,0],"15":[0,0],"16":[0,0],"17":[0,0],"18":[0,0],"19":[0,0],"20":[0,0,0,0],"21":[0,0],"22":[0,0],"23":[0,0],"24":[0,0],"25":[0,0,0,0],"26":[1,0],"27":[1,1],"28":[1,0],"29":[1,1],"30":[0,0,0,0],"31":[0,0,0,0,0,0,0],"32":[0,0],"33":[0,0],"34":[0,0],"35":[0,0],"36":[0,0],"37":[0,0,0,0],"38":[0,0,0,0,0,0,0,0],"39":[0,0],"40":[0,0],"41":[0,0],"42":[0,0],"43":[0,0],"44":[0,0,0,0],"45":[0,0],"46":[0,0],"47":[0,0],"48":[0,0]},"_coverageSchema":"43e27e138ebf9cfc5966b082cf9a028302ed4184","hash":"a7f631b3199ea986429303b9bd5ca293bd741e5e","contentHash":"d1c9706e90b78f4f5963dc36a26e3614148687984565a2cdd1dc120322e8eff1"},"C:\\Users\\St. Clout\\Desktop\\movie-listings-api\\src\\helpers\\index.spec.js":{"path":"C:\\Users\\St. Clout\\Desktop\\movie-listings-api\\src\\helpers\\index.spec.js","statementMap":{"0":{"start":{"line":3,"column":13},"end":{"line":3,"column":29}},"1":{"start":{"line":5,"column":12},"end":{"line":5,"column":52}},"2":{"start":{"line":7,"column":22},"end":{"line":7,"column":73}},"3":{"start":{"line":9,"column":16},"end":{"line":9,"column":59}},"4":{"start":{"line":11,"column":14},"end":{"line":11,"column":55}},"5":{"start":{"line":13,"column":16},"end":{"line":13,"column":61}},"6":{"start":{"line":15,"column":13},"end":{"line":15,"column":63}},"7":{"start":{"line":17,"column":13},"end":{"line":17,"column":31}},"8":{"start":{"line":19,"column":39},"end":{"line":19,"column":95}},"9":{"start":{"line":21,"column":38},"end":{"line":21,"column":85}},"10":{"start":{"line":21,"column":73},"end":{"line":21,"column":85}},"11":{"start":{"line":21,"column":98},"end":{"line":21,"column":111}},"12":{"start":{"line":21,"column":113},"end":{"line":21,"column":194}},"13":{"start":{"line":21,"column":178},"end":{"line":21,"column":191}},"14":{"start":{"line":21,"column":195},"end":{"line":21,"column":208}},"15":{"start":{"line":23,"column":40},"end":{"line":23,"column":82}},"16":{"start":{"line":23,"column":69},"end":{"line":23,"column":80}},"17":{"start":{"line":23,"column":95},"end":{"line":23,"column":121}},"18":{"start":{"line":23,"column":123},"end":{"line":23,"column":178}},"19":{"start":{"line":23,"column":154},"end":{"line":23,"column":176}},"20":{"start":{"line":23,"column":192},"end":{"line":23,"column":194}},"21":{"start":{"line":23,"column":196},"end":{"line":23,"column":583}},"22":{"start":{"line":23,"column":243},"end":{"line":23,"column":299}},"23":{"start":{"line":23,"column":301},"end":{"line":23,"column":581}},"24":{"start":{"line":23,"column":324},"end":{"line":23,"column":579}},"25":{"start":{"line":23,"column":389},"end":{"line":23,"column":461}},"26":{"start":{"line":23,"column":463},"end":{"line":23,"column":577}},"27":{"start":{"line":23,"column":501},"end":{"line":23,"column":542}},"28":{"start":{"line":23,"column":552},"end":{"line":23,"column":575}},"29":{"start":{"line":23,"column":584},"end":{"line":23,"column":608}},"30":{"start":{"line":23,"column":609},"end":{"line":23,"column":647}},"31":{"start":{"line":23,"column":622},"end":{"line":23,"column":645}},"32":{"start":{"line":23,"column":648},"end":{"line":23,"column":662}},"33":{"start":{"line":26,"column":0},"end":{"line":26,"column":28}},"34":{"start":{"line":28,"column":0},"end":{"line":28,"column":49}},"35":{"start":{"line":30,"column":14},"end":{"line":34,"column":1}},"36":{"start":{"line":35,"column":10},"end":{"line":35,"column":33}},"37":{"start":{"line":36,"column":0},"end":{"line":42,"column":3}},"38":{"start":{"line":37,"column":2},"end":{"line":41,"column":5}},"39":{"start":{"line":38,"column":4},"end":{"line":38,"column":18}},"40":{"start":{"line":40,"column":4},"end":{"line":40,"column":19}},"41":{"start":{"line":43,"column":0},"end":{"line":57,"column":3}},"42":{"start":{"line":44,"column":2},"end":{"line":56,"column":5}},"43":{"start":{"line":45,"column":4},"end":{"line":55,"column":7}},"44":{"start":{"line":46,"column":6},"end":{"line":46,"column":46}},"45":{"start":{"line":48,"column":6},"end":{"line":52,"column":9}},"46":{"start":{"line":49,"column":8},"end":{"line":49,"column":77}},"47":{"start":{"line":50,"column":8},"end":{"line":50,"column":45}},"48":{"start":{"line":51,"column":8},"end":{"line":51,"column":15}},"49":{"start":{"line":54,"column":6},"end":{"line":54,"column":21}},"50":{"start":{"line":58,"column":0},"end":{"line":81,"column":3}},"51":{"start":{"line":59,"column":2},"end":{"line":69,"column":5}},"52":{"start":{"line":60,"column":16},"end":{"line":62,"column":5}},"53":{"start":{"line":63,"column":4},"end":{"line":68,"column":7}},"54":{"start":{"line":64,"column":6},"end":{"line":64,"column":47}},"55":{"start":{"line":65,"column":6},"end":{"line":65,"column":13}},"56":{"start":{"line":67,"column":6},"end":{"line":67,"column":21}},"57":{"start":{"line":70,"column":2},"end":{"line":80,"column":5}},"58":{"start":{"line":71,"column":16},"end":{"line":73,"column":5}},"59":{"start":{"line":74,"column":4},"end":{"line":79,"column":7}},"60":{"start":{"line":75,"column":6},"end":{"line":75,"column":46}},"61":{"start":{"line":76,"column":6},"end":{"line":76,"column":13}},"62":{"start":{"line":78,"column":6},"end":{"line":78,"column":21}},"63":{"start":{"line":82,"column":0},"end":{"line":101,"column":3}},"64":{"start":{"line":83,"column":2},"end":{"line":96,"column":5}},"65":{"start":{"line":84,"column":16},"end":{"line":86,"column":5}},"66":{"start":{"line":87,"column":4},"end":{"line":95,"column":7}},"67":{"start":{"line":88,"column":6},"end":{"line":88,"column":46}},"68":{"start":{"line":89,"column":6},"end":{"line":92,"column":9}},"69":{"start":{"line":90,"column":8},"end":{"line":90,"column":50}},"70":{"start":{"line":91,"column":8},"end":{"line":91,"column":15}},"71":{"start":{"line":94,"column":6},"end":{"line":94,"column":21}},"72":{"start":{"line":97,"column":2},"end":{"line":100,"column":5}},"73":{"start":{"line":98,"column":16},"end":{"line":98,"column":18}},"74":{"start":{"line":99,"column":4},"end":{"line":99,"column":139}},"75":{"start":{"line":102,"column":0},"end":{"line":130,"column":3}},"76":{"start":{"line":103,"column":2},"end":{"line":129,"column":5}},"77":{"start":{"line":104,"column":20},"end":{"line":110,"column":6}},"78":{"start":{"line":111,"column":16},"end":{"line":113,"column":5}},"79":{"start":{"line":114,"column":4},"end":{"line":128,"column":7}},"80":{"start":{"line":115,"column":6},"end":{"line":115,"column":43}},"81":{"start":{"line":117,"column":6},"end":{"line":125,"column":9}},"82":{"start":{"line":118,"column":8},"end":{"line":118,"column":45}},"83":{"start":{"line":119,"column":8},"end":{"line":119,"column":61}},"84":{"start":{"line":120,"column":8},"end":{"line":123,"column":11}},"85":{"start":{"line":121,"column":10},"end":{"line":121,"column":65}},"86":{"start":{"line":122,"column":10},"end":{"line":122,"column":63}},"87":{"start":{"line":124,"column":8},"end":{"line":124,"column":15}},"88":{"start":{"line":127,"column":6},"end":{"line":127,"column":21}},"89":{"start":{"line":131,"column":0},"end":{"line":145,"column":3}},"90":{"start":{"line":132,"column":2},"end":{"line":144,"column":5}},"91":{"start":{"line":133,"column":4},"end":{"line":143,"column":7}},"92":{"start":{"line":134,"column":6},"end":{"line":134,"column":46}},"93":{"start":{"line":136,"column":6},"end":{"line":140,"column":9}},"94":{"start":{"line":137,"column":8},"end":{"line":137,"column":45}},"95":{"start":{"line":138,"column":8},"end":{"line":138,"column":52}},"96":{"start":{"line":139,"column":8},"end":{"line":139,"column":15}},"97":{"start":{"line":142,"column":6},"end":{"line":142,"column":21}},"98":{"start":{"line":146,"column":0},"end":{"line":155,"column":3}},"99":{"start":{"line":147,"column":2},"end":{"line":150,"column":5}},"100":{"start":{"line":148,"column":18},"end":{"line":148,"column":48}},"101":{"start":{"line":149,"column":4},"end":{"line":149,"column":50}},"102":{"start":{"line":151,"column":2},"end":{"line":154,"column":5}},"103":{"start":{"line":152,"column":18},"end":{"line":152,"column":47}},"104":{"start":{"line":153,"column":4},"end":{"line":153,"column":46}},"105":{"start":{"line":156,"column":0},"end":{"line":165,"column":3}},"106":{"start":{"line":157,"column":2},"end":{"line":160,"column":5}},"107":{"start":{"line":158,"column":24},"end":{"line":158,"column":76}},"108":{"start":{"line":159,"column":4},"end":{"line":159,"column":55}},"109":{"start":{"line":161,"column":2},"end":{"line":164,"column":5}},"110":{"start":{"line":162,"column":24},"end":{"line":162,"column":57}},"111":{"start":{"line":163,"column":4},"end":{"line":163,"column":52}}},"fnMap":{"0":{"name":"_interopRequireDefault","decl":{"start":{"line":19,"column":9},"end":{"line":19,"column":31}},"loc":{"start":{"line":19,"column":37},"end":{"line":19,"column":97}},"line":19},"1":{"name":"_getRequireWildcardCache","decl":{"start":{"line":21,"column":9},"end":{"line":21,"column":33}},"loc":{"start":{"line":21,"column":36},"end":{"line":21,"column":210}},"line":21},"2":{"name":"_getRequireWildcardCache","decl":{"start":{"line":21,"column":149},"end":{"line":21,"column":173}},"loc":{"start":{"line":21,"column":176},"end":{"line":21,"column":193}},"line":21},"3":{"name":"_interopRequireWildcard","decl":{"start":{"line":23,"column":9},"end":{"line":23,"column":32}},"loc":{"start":{"line":23,"column":38},"end":{"line":23,"column":664}},"line":23},"4":{"name":"(anonymous_4)","decl":{"start":{"line":36,"column":19},"end":{"line":36,"column":20}},"loc":{"start":{"line":36,"column":35},"end":{"line":42,"column":1}},"line":36},"5":{"name":"(anonymous_5)","decl":{"start":{"line":37,"column":50},"end":{"line":37,"column":51}},"loc":{"start":{"line":37,"column":62},"end":{"line":39,"column":3}},"line":37},"6":{"name":"(anonymous_6)","decl":{"start":{"line":39,"column":14},"end":{"line":39,"column":15}},"loc":{"start":{"line":39,"column":27},"end":{"line":41,"column":3}},"line":39},"7":{"name":"(anonymous_7)","decl":{"start":{"line":43,"column":31},"end":{"line":43,"column":32}},"loc":{"start":{"line":43,"column":43},"end":{"line":57,"column":1}},"line":43},"8":{"name":"(anonymous_8)","decl":{"start":{"line":44,"column":66},"end":{"line":44,"column":67}},"loc":{"start":{"line":44,"column":82},"end":{"line":56,"column":3}},"line":44},"9":{"name":"(anonymous_9)","decl":{"start":{"line":45,"column":50},"end":{"line":45,"column":51}},"loc":{"start":{"line":45,"column":68},"end":{"line":53,"column":5}},"line":45},"10":{"name":"(anonymous_10)","decl":{"start":{"line":48,"column":33},"end":{"line":48,"column":34}},"loc":{"start":{"line":48,"column":54},"end":{"line":52,"column":7}},"line":48},"11":{"name":"(anonymous_11)","decl":{"start":{"line":53,"column":16},"end":{"line":53,"column":17}},"loc":{"start":{"line":53,"column":29},"end":{"line":55,"column":5}},"line":53},"12":{"name":"(anonymous_12)","decl":{"start":{"line":58,"column":43},"end":{"line":58,"column":44}},"loc":{"start":{"line":58,"column":55},"end":{"line":81,"column":1}},"line":58},"13":{"name":"(anonymous_13)","decl":{"start":{"line":59,"column":88},"end":{"line":59,"column":89}},"loc":{"start":{"line":59,"column":104},"end":{"line":69,"column":3}},"line":59},"14":{"name":"(anonymous_14)","decl":{"start":{"line":63,"column":47},"end":{"line":63,"column":48}},"loc":{"start":{"line":63,"column":65},"end":{"line":66,"column":5}},"line":63},"15":{"name":"(anonymous_15)","decl":{"start":{"line":66,"column":16},"end":{"line":66,"column":17}},"loc":{"start":{"line":66,"column":29},"end":{"line":68,"column":5}},"line":66},"16":{"name":"(anonymous_16)","decl":{"start":{"line":70,"column":83},"end":{"line":70,"column":84}},"loc":{"start":{"line":70,"column":99},"end":{"line":80,"column":3}},"line":70},"17":{"name":"(anonymous_17)","decl":{"start":{"line":74,"column":47},"end":{"line":74,"column":48}},"loc":{"start":{"line":74,"column":65},"end":{"line":77,"column":5}},"line":74},"18":{"name":"(anonymous_18)","decl":{"start":{"line":77,"column":16},"end":{"line":77,"column":17}},"loc":{"start":{"line":77,"column":29},"end":{"line":79,"column":5}},"line":77},"19":{"name":"(anonymous_19)","decl":{"start":{"line":82,"column":36},"end":{"line":82,"column":37}},"loc":{"start":{"line":82,"column":48},"end":{"line":101,"column":1}},"line":82},"20":{"name":"(anonymous_20)","decl":{"start":{"line":83,"column":67},"end":{"line":83,"column":68}},"loc":{"start":{"line":83,"column":83},"end":{"line":96,"column":3}},"line":83},"21":{"name":"(anonymous_21)","decl":{"start":{"line":87,"column":40},"end":{"line":87,"column":41}},"loc":{"start":{"line":87,"column":58},"end":{"line":93,"column":5}},"line":87},"22":{"name":"(anonymous_22)","decl":{"start":{"line":89,"column":49},"end":{"line":89,"column":50}},"loc":{"start":{"line":89,"column":69},"end":{"line":92,"column":7}},"line":89},"23":{"name":"(anonymous_23)","decl":{"start":{"line":93,"column":16},"end":{"line":93,"column":17}},"loc":{"start":{"line":93,"column":29},"end":{"line":95,"column":5}},"line":93},"24":{"name":"(anonymous_24)","decl":{"start":{"line":97,"column":59},"end":{"line":97,"column":60}},"loc":{"start":{"line":97,"column":71},"end":{"line":100,"column":3}},"line":97},"25":{"name":"(anonymous_25)","decl":{"start":{"line":102,"column":45},"end":{"line":102,"column":46}},"loc":{"start":{"line":102,"column":57},"end":{"line":130,"column":1}},"line":102},"26":{"name":"(anonymous_26)","decl":{"start":{"line":103,"column":56},"end":{"line":103,"column":57}},"loc":{"start":{"line":103,"column":72},"end":{"line":129,"column":3}},"line":103},"27":{"name":"(anonymous_27)","decl":{"start":{"line":114,"column":60},"end":{"line":114,"column":61}},"loc":{"start":{"line":114,"column":78},"end":{"line":126,"column":5}},"line":114},"28":{"name":"(anonymous_28)","decl":{"start":{"line":117,"column":32},"end":{"line":117,"column":33}},"loc":{"start":{"line":117,"column":52},"end":{"line":125,"column":7}},"line":117},"29":{"name":"(anonymous_29)","decl":{"start":{"line":120,"column":30},"end":{"line":120,"column":31}},"loc":{"start":{"line":120,"column":50},"end":{"line":123,"column":9}},"line":120},"30":{"name":"(anonymous_30)","decl":{"start":{"line":126,"column":16},"end":{"line":126,"column":17}},"loc":{"start":{"line":126,"column":29},"end":{"line":128,"column":5}},"line":126},"31":{"name":"(anonymous_31)","decl":{"start":{"line":131,"column":32},"end":{"line":131,"column":33}},"loc":{"start":{"line":131,"column":44},"end":{"line":145,"column":1}},"line":131},"32":{"name":"(anonymous_32)","decl":{"start":{"line":132,"column":58},"end":{"line":132,"column":59}},"loc":{"start":{"line":132,"column":74},"end":{"line":144,"column":3}},"line":132},"33":{"name":"(anonymous_33)","decl":{"start":{"line":133,"column":48},"end":{"line":133,"column":49}},"loc":{"start":{"line":133,"column":66},"end":{"line":141,"column":5}},"line":133},"34":{"name":"(anonymous_34)","decl":{"start":{"line":136,"column":33},"end":{"line":136,"column":34}},"loc":{"start":{"line":136,"column":54},"end":{"line":140,"column":7}},"line":136},"35":{"name":"(anonymous_35)","decl":{"start":{"line":141,"column":16},"end":{"line":141,"column":17}},"loc":{"start":{"line":141,"column":29},"end":{"line":143,"column":5}},"line":141},"36":{"name":"(anonymous_36)","decl":{"start":{"line":146,"column":38},"end":{"line":146,"column":39}},"loc":{"start":{"line":146,"column":50},"end":{"line":155,"column":1}},"line":146},"37":{"name":"(anonymous_37)","decl":{"start":{"line":147,"column":64},"end":{"line":147,"column":65}},"loc":{"start":{"line":147,"column":76},"end":{"line":150,"column":3}},"line":147},"38":{"name":"(anonymous_38)","decl":{"start":{"line":151,"column":83},"end":{"line":151,"column":84}},"loc":{"start":{"line":151,"column":95},"end":{"line":154,"column":3}},"line":151},"39":{"name":"(anonymous_39)","decl":{"start":{"line":156,"column":42},"end":{"line":156,"column":43}},"loc":{"start":{"line":156,"column":54},"end":{"line":165,"column":1}},"line":156},"40":{"name":"(anonymous_40)","decl":{"start":{"line":157,"column":70},"end":{"line":157,"column":71}},"loc":{"start":{"line":157,"column":82},"end":{"line":160,"column":3}},"line":157},"41":{"name":"(anonymous_41)","decl":{"start":{"line":161,"column":76},"end":{"line":161,"column":77}},"loc":{"start":{"line":161,"column":88},"end":{"line":164,"column":3}},"line":161}},"branchMap":{"0":{"loc":{"start":{"line":19,"column":46},"end":{"line":19,"column":94}},"type":"cond-expr","locations":[{"start":{"line":19,"column":70},"end":{"line":19,"column":73}},{"start":{"line":19,"column":76},"end":{"line":19,"column":94}}],"line":19},"1":{"loc":{"start":{"line":19,"column":46},"end":{"line":19,"column":67}},"type":"binary-expr","locations":[{"start":{"line":19,"column":46},"end":{"line":19,"column":49}},{"start":{"line":19,"column":53},"end":{"line":19,"column":67}}],"line":19},"2":{"loc":{"start":{"line":21,"column":38},"end":{"line":21,"column":85}},"type":"if","locations":[{"start":{"line":21,"column":38},"end":{"line":21,"column":85}},{"start":{"line":21,"column":38},"end":{"line":21,"column":85}}],"line":21},"3":{"loc":{"start":{"line":23,"column":40},"end":{"line":23,"column":82}},"type":"if","locations":[{"start":{"line":23,"column":40},"end":{"line":23,"column":82}},{"start":{"line":23,"column":40},"end":{"line":23,"column":82}}],"line":23},"4":{"loc":{"start":{"line":23,"column":44},"end":{"line":23,"column":65}},"type":"binary-expr","locations":[{"start":{"line":23,"column":44},"end":{"line":23,"column":47}},{"start":{"line":23,"column":51},"end":{"line":23,"column":65}}],"line":23},"5":{"loc":{"start":{"line":23,"column":123},"end":{"line":23,"column":178}},"type":"if","locations":[{"start":{"line":23,"column":123},"end":{"line":23,"column":178}},{"start":{"line":23,"column":123},"end":{"line":23,"column":178}}],"line":23},"6":{"loc":{"start":{"line":23,"column":127},"end":{"line":23,"column":150}},"type":"binary-expr","locations":[{"start":{"line":23,"column":127},"end":{"line":23,"column":132}},{"start":{"line":23,"column":136},"end":{"line":23,"column":150}}],"line":23},"7":{"loc":{"start":{"line":23,"column":196},"end":{"line":23,"column":583}},"type":"if","locations":[{"start":{"line":23,"column":196},"end":{"line":23,"column":583}},{"start":{"line":23,"column":196},"end":{"line":23,"column":583}}],"line":23},"8":{"loc":{"start":{"line":23,"column":243},"end":{"line":23,"column":299}},"type":"binary-expr","locations":[{"start":{"line":23,"column":243},"end":{"line":23,"column":264}},{"start":{"line":23,"column":268},"end":{"line":23,"column":299}}],"line":23},"9":{"loc":{"start":{"line":23,"column":324},"end":{"line":23,"column":579}},"type":"if","locations":[{"start":{"line":23,"column":324},"end":{"line":23,"column":579}},{"start":{"line":23,"column":324},"end":{"line":23,"column":579}}],"line":23},"10":{"loc":{"start":{"line":23,"column":389},"end":{"line":23,"column":461}},"type":"cond-expr","locations":[{"start":{"line":23,"column":413},"end":{"line":23,"column":454}},{"start":{"line":23,"column":457},"end":{"line":23,"column":461}}],"line":23},"11":{"loc":{"start":{"line":23,"column":463},"end":{"line":23,"column":577}},"type":"if","locations":[{"start":{"line":23,"column":463},"end":{"line":23,"column":577}},{"start":{"line":23,"column":463},"end":{"line":23,"column":577}}],"line":23},"12":{"loc":{"start":{"line":23,"column":467},"end":{"line":23,"column":497}},"type":"binary-expr","locations":[{"start":{"line":23,"column":467},"end":{"line":23,"column":471}},{"start":{"line":23,"column":476},"end":{"line":23,"column":484}},{"start":{"line":23,"column":488},"end":{"line":23,"column":496}}],"line":23},"13":{"loc":{"start":{"line":23,"column":609},"end":{"line":23,"column":647}},"type":"if","locations":[{"start":{"line":23,"column":609},"end":{"line":23,"column":647}},{"start":{"line":23,"column":609},"end":{"line":23,"column":647}}],"line":23}},"s":{"0":1,"1":1,"2":1,"3":1,"4":1,"5":1,"6":1,"7":1,"8":5,"9":1,"10":0,"11":1,"12":1,"13":0,"14":1,"15":1,"16":0,"17":1,"18":1,"19":0,"20":1,"21":1,"22":1,"23":1,"24":10,"25":10,"26":10,"27":0,"28":10,"29":1,"30":1,"31":1,"32":1,"33":1,"34":1,"35":1,"36":1,"37":1,"38":1,"39":1,"40":0,"41":1,"42":1,"43":1,"44":1,"45":1,"46":1,"47":1,"48":1,"49":0,"50":1,"51":1,"52":1,"53":1,"54":1,"55":1,"56":0,"57":1,"58":1,"59":1,"60":1,"61":1,"62":0,"63":1,"64":1,"65":1,"66":1,"67":1,"68":1,"69":1,"70":1,"71":0,"72":1,"73":1,"74":1,"75":1,"76":1,"77":1,"78":1,"79":1,"80":1,"81":1,"82":1,"83":1,"84":1,"85":2,"86":2,"87":1,"88":0,"89":1,"90":1,"91":1,"92":1,"93":1,"94":1,"95":1,"96":1,"97":0,"98":1,"99":1,"100":1,"101":1,"102":1,"103":1,"104":1,"105":1,"106":1,"107":1,"108":1,"109":1,"110":1,"111":1},"f":{"0":5,"1":1,"2":0,"3":1,"4":1,"5":1,"6":0,"7":1,"8":1,"9":1,"10":1,"11":0,"12":1,"13":1,"14":1,"15":0,"16":1,"17":1,"18":0,"19":1,"20":1,"21":1,"22":1,"23":0,"24":1,"25":1,"26":1,"27":1,"28":1,"29":2,"30":0,"31":1,"32":1,"33":1,"34":1,"35":0,"36":1,"37":1,"38":1,"39":1,"40":1,"41":1},"b":{"0":[2,3],"1":[5,5],"2":[0,1],"3":[0,1],"4":[1,1],"5":[0,1],"6":[1,1],"7":[1,0],"8":[1,1],"9":[10,0],"10":[10,0],"11":[0,10],"12":[10,10,10],"13":[1,0]},"_coverageSchema":"43e27e138ebf9cfc5966b082cf9a028302ed4184","hash":"a72ec8af8a525de7cb934cc1aaf7472ff7659b2e","contentHash":"e54b1c720949c86e7f9db505da16ee57c647166423c79618246bdbe70b68d6e4"},"C:\\Users\\St. Clout\\Desktop\\movie-listings-api\\src\\helpers\\fixtures.js":{"path":"C:\\Users\\St. Clout\\Desktop\\movie-listings-api\\src\\helpers\\fixtures.js","statementMap":{"0":{"start":{"line":3,"column":0},"end":{"line":5,"column":3}},"1":{"start":{"line":6,"column":0},"end":{"line":6,"column":28}},"2":{"start":{"line":7,"column":15},"end":{"line":61,"column":2}},"3":{"start":{"line":62,"column":0},"end":{"line":62,"column":30}}},"fnMap":{},"branchMap":{},"s":{"0":1,"1":1,"2":1,"3":1},"f":{},"b":{},"_coverageSchema":"43e27e138ebf9cfc5966b082cf9a028302ed4184","hash":"4d91402b29d6d1297e38756d7ac6462939f1ca29","contentHash":"1ee5898188f79892126016f6a143f33013ff5403708b0bd2d9b00e2c540a5404"},"C:\\Users\\St. Clout\\Desktop\\movie-listings-api\\src\\models\\Movie.js":{"path":"C:\\Users\\St. Clout\\Desktop\\movie-listings-api\\src\\models\\Movie.js","statementMap":{"0":{"start":{"line":3,"column":0},"end":{"line":5,"column":3}},"1":{"start":{"line":6,"column":0},"end":{"line":6,"column":28}},"2":{"start":{"line":8,"column":15},"end":{"line":8,"column":34}},"3":{"start":{"line":9,"column":13},"end":{"line":9,"column":28}},"4":{"start":{"line":10,"column":12},"end":{"line":10,"column":26}},"5":{"start":{"line":12,"column":13},"end":{"line":55,"column":2}},"6":{"start":{"line":56,"column":0},"end":{"line":58,"column":3}},"7":{"start":{"line":60,"column":15},"end":{"line":60,"column":37}},"8":{"start":{"line":62,"column":0},"end":{"line":62,"column":30}}},"fnMap":{},"branchMap":{},"s":{"0":1,"1":1,"2":1,"3":1,"4":1,"5":1,"6":1,"7":1,"8":1},"f":{},"b":{},"_coverageSchema":"43e27e138ebf9cfc5966b082cf9a028302ed4184","hash":"bcf360883e4b3583ef95a510c0908c058b63a1b4","contentHash":"f02efffa97b82dad64880aa1db78126dfad9998b4bb87877b846fa4567b38a23"},"C:\\Users\\St. Clout\\Desktop\\movie-listings-api\\src\\helpers\\index.js":{"path":"C:\\Users\\St. Clout\\Desktop\\movie-listings-api\\src\\helpers\\index.js","statementMap":{"0":{"start":{"line":3,"column":0},"end":{"line":5,"column":3}},"1":{"start":{"line":6,"column":0},"end":{"line":6,"column":256}},"2":{"start":{"line":8,"column":13},"end":{"line":8,"column":53}},"3":{"start":{"line":10,"column":13},"end":{"line":10,"column":63}},"4":{"start":{"line":12,"column":39},"end":{"line":12,"column":95}},"5":{"start":{"line":14,"column":77},"end":{"line":14,"column":175}},"6":{"start":{"line":14,"column":94},"end":{"line":14,"column":107}},"7":{"start":{"line":14,"column":121},"end":{"line":14,"column":131}},"8":{"start":{"line":14,"column":151},"end":{"line":14,"column":165}},"9":{"start":{"line":14,"column":166},"end":{"line":14,"column":173}},"10":{"start":{"line":14,"column":176},"end":{"line":14,"column":263}},"11":{"start":{"line":14,"column":193},"end":{"line":14,"column":208}},"12":{"start":{"line":14,"column":218},"end":{"line":14,"column":261}},"13":{"start":{"line":16,"column":33},"end":{"line":16,"column":387}},"14":{"start":{"line":16,"column":65},"end":{"line":16,"column":69}},"15":{"start":{"line":16,"column":78},"end":{"line":16,"column":87}},"16":{"start":{"line":16,"column":89},"end":{"line":16,"column":384}},"17":{"start":{"line":16,"column":147},"end":{"line":16,"column":167}},"18":{"start":{"line":16,"column":193},"end":{"line":16,"column":264}},"19":{"start":{"line":16,"column":290},"end":{"line":16,"column":360}},"20":{"start":{"line":16,"column":363},"end":{"line":16,"column":380}},"21":{"start":{"line":20,"column":0},"end":{"line":61,"column":3}},"22":{"start":{"line":21,"column":14},"end":{"line":56,"column":5}},"23":{"start":{"line":25,"column":4},"end":{"line":55,"column":16}},"24":{"start":{"line":26,"column":6},"end":{"line":54,"column":7}},"25":{"start":{"line":27,"column":8},"end":{"line":53,"column":9}},"26":{"start":{"line":29,"column":12},"end":{"line":29,"column":31}},"27":{"start":{"line":30,"column":12},"end":{"line":30,"column":30}},"28":{"start":{"line":31,"column":12},"end":{"line":35,"column":15}},"29":{"start":{"line":38,"column":12},"end":{"line":38,"column":36}},"30":{"start":{"line":40,"column":12},"end":{"line":43,"column":13}},"31":{"start":{"line":41,"column":14},"end":{"line":41,"column":32}},"32":{"start":{"line":42,"column":14},"end":{"line":42,"column":20}},"33":{"start":{"line":45,"column":12},"end":{"line":45,"column":51}},"34":{"start":{"line":48,"column":12},"end":{"line":48,"column":52}},"35":{"start":{"line":52,"column":12},"end":{"line":52,"column":35}},"36":{"start":{"line":58,"column":2},"end":{"line":60,"column":4}},"37":{"start":{"line":59,"column":4},"end":{"line":59,"column":40}},"38":{"start":{"line":63,"column":0},"end":{"line":63,"column":48}},"39":{"start":{"line":67,"column":0},"end":{"line":102,"column":3}},"40":{"start":{"line":68,"column":14},"end":{"line":97,"column":5}},"41":{"start":{"line":72,"column":4},"end":{"line":96,"column":17}},"42":{"start":{"line":73,"column":6},"end":{"line":95,"column":7}},"43":{"start":{"line":74,"column":8},"end":{"line":94,"column":9}},"44":{"start":{"line":76,"column":12},"end":{"line":76,"column":32}},"45":{"start":{"line":77,"column":12},"end":{"line":77,"column":31}},"46":{"start":{"line":78,"column":12},"end":{"line":86,"column":15}},"47":{"start":{"line":89,"column":12},"end":{"line":89,"column":52}},"48":{"start":{"line":93,"column":12},"end":{"line":93,"column":36}},"49":{"start":{"line":99,"column":2},"end":{"line":101,"column":4}},"50":{"start":{"line":100,"column":4},"end":{"line":100,"column":40}},"51":{"start":{"line":104,"column":0},"end":{"line":104,"column":52}},"52":{"start":{"line":108,"column":0},"end":{"line":133,"column":3}},"53":{"start":{"line":109,"column":14},"end":{"line":128,"column":5}},"54":{"start":{"line":112,"column":4},"end":{"line":127,"column":17}},"55":{"start":{"line":113,"column":6},"end":{"line":126,"column":7}},"56":{"start":{"line":114,"column":8},"end":{"line":125,"column":9}},"57":{"start":{"line":116,"column":12},"end":{"line":116,"column":31}},"58":{"start":{"line":117,"column":12},"end":{"line":117,"column":50}},"59":{"start":{"line":120,"column":12},"end":{"line":120,"column":52}},"60":{"start":{"line":124,"column":12},"end":{"line":124,"column":36}},"61":{"start":{"line":130,"column":2},"end":{"line":132,"column":4}},"62":{"start":{"line":131,"column":4},"end":{"line":131,"column":40}},"63":{"start":{"line":135,"column":0},"end":{"line":135,"column":34}},"64":{"start":{"line":139,"column":0},"end":{"line":167,"column":3}},"65":{"start":{"line":140,"column":14},"end":{"line":162,"column":5}},"66":{"start":{"line":144,"column":17},"end":{"line":144,"column":26}},"67":{"start":{"line":145,"column":4},"end":{"line":161,"column":17}},"68":{"start":{"line":146,"column":6},"end":{"line":160,"column":7}},"69":{"start":{"line":147,"column":8},"end":{"line":159,"column":9}},"70":{"start":{"line":149,"column":12},"end":{"line":149,"column":82}},"71":{"start":{"line":150,"column":12},"end":{"line":150,"column":31}},"72":{"start":{"line":151,"column":12},"end":{"line":151,"column":55}},"73":{"start":{"line":154,"column":12},"end":{"line":154,"column":52}},"74":{"start":{"line":158,"column":12},"end":{"line":158,"column":36}},"75":{"start":{"line":164,"column":2},"end":{"line":166,"column":4}},"76":{"start":{"line":165,"column":4},"end":{"line":165,"column":40}},"77":{"start":{"line":169,"column":0},"end":{"line":169,"column":24}},"78":{"start":{"line":173,"column":0},"end":{"line":198,"column":3}},"79":{"start":{"line":174,"column":14},"end":{"line":193,"column":5}},"80":{"start":{"line":177,"column":4},"end":{"line":192,"column":17}},"81":{"start":{"line":178,"column":6},"end":{"line":191,"column":7}},"82":{"start":{"line":179,"column":8},"end":{"line":190,"column":9}},"83":{"start":{"line":181,"column":12},"end":{"line":181,"column":31}},"84":{"start":{"line":182,"column":12},"end":{"line":182,"column":52}},"85":{"start":{"line":185,"column":12},"end":{"line":185,"column":52}},"86":{"start":{"line":189,"column":12},"end":{"line":189,"column":36}},"87":{"start":{"line":195,"column":2},"end":{"line":197,"column":4}},"88":{"start":{"line":196,"column":4},"end":{"line":196,"column":40}},"89":{"start":{"line":200,"column":0},"end":{"line":200,"column":26}},"90":{"start":{"line":202,"column":12},"end":{"line":208,"column":1}},"91":{"start":{"line":203,"column":2},"end":{"line":207,"column":5}},"92":{"start":{"line":204,"column":4},"end":{"line":206,"column":11}},"93":{"start":{"line":205,"column":6},"end":{"line":205,"column":23}},"94":{"start":{"line":210,"column":0},"end":{"line":210,"column":22}},"95":{"start":{"line":214,"column":0},"end":{"line":265,"column":3}},"96":{"start":{"line":215,"column":14},"end":{"line":260,"column":5}},"97":{"start":{"line":221,"column":17},"end":{"line":221,"column":26}},"98":{"start":{"line":222,"column":4},"end":{"line":259,"column":33}},"99":{"start":{"line":223,"column":6},"end":{"line":258,"column":7}},"100":{"start":{"line":224,"column":8},"end":{"line":257,"column":9}},"101":{"start":{"line":226,"column":12},"end":{"line":226,"column":84}},"102":{"start":{"line":227,"column":12},"end":{"line":227,"column":83}},"103":{"start":{"line":228,"column":12},"end":{"line":228,"column":31}},"104":{"start":{"line":229,"column":12},"end":{"line":229,"column":31}},"105":{"start":{"line":230,"column":12},"end":{"line":230,"column":24}},"106":{"start":{"line":233,"column":12},"end":{"line":233,"column":38}},"107":{"start":{"line":234,"column":12},"end":{"line":234,"column":56}},"108":{"start":{"line":237,"column":12},"end":{"line":237,"column":31}},"109":{"start":{"line":238,"column":12},"end":{"line":238,"column":49}},"110":{"start":{"line":240,"column":12},"end":{"line":243,"column":13}},"111":{"start":{"line":241,"column":14},"end":{"line":241,"column":34}},"112":{"start":{"line":242,"column":14},"end":{"line":242,"column":20}},"113":{"start":{"line":245,"column":12},"end":{"line":245,"column":38}},"114":{"start":{"line":248,"column":12},"end":{"line":248,"column":32}},"115":{"start":{"line":249,"column":12},"end":{"line":249,"column":31}},"116":{"start":{"line":252,"column":12},"end":{"line":252,"column":71}},"117":{"start":{"line":256,"column":12},"end":{"line":256,"column":36}},"118":{"start":{"line":262,"column":2},"end":{"line":264,"column":4}},"119":{"start":{"line":263,"column":4},"end":{"line":263,"column":40}},"120":{"start":{"line":267,"column":0},"end":{"line":267,"column":22}},"121":{"start":{"line":269,"column":20},"end":{"line":277,"column":1}},"122":{"start":{"line":270,"column":2},"end":{"line":272,"column":3}},"123":{"start":{"line":271,"column":4},"end":{"line":271,"column":16}},"124":{"start":{"line":274,"column":14},"end":{"line":274,"column":36}},"125":{"start":{"line":275,"column":13},"end":{"line":275,"column":23}},"126":{"start":{"line":276,"column":2},"end":{"line":276,"column":50}},"127":{"s
[...]
d":{"line":328,"column":38}},"151":{"start":{"line":329,"column":12},"end":{"line":329,"column":61}},"152":{"start":{"line":332,"column":12},"end":{"line":332,"column":31}},"153":{"start":{"line":333,"column":12},"end":{"line":333,"column":49}},"154":{"start":{"line":335,"column":12},"end":{"line":338,"column":13}},"155":{"start":{"line":336,"column":14},"end":{"line":336,"column":34}},"156":{"start":{"line":337,"column":14},"end":{"line":337,"column":20}},"157":{"start":{"line":340,"column":12},"end":{"line":340,"column":52}},"158":{"start":{"line":343,"column":12},"end":{"line":343,"column":31}},"159":{"start":{"line":347,"column":12},"end":{"line":347,"column":36}},"160":{"start":{"line":353,"column":2},"end":{"line":355,"column":4}},"161":{"start":{"line":354,"column":4},"end":{"line":354,"column":41}},"162":{"start":{"line":358,"column":0},"end":{"line":358,"column":22}},"163":{"start":{"line":362,"column":0},"end":{"line":396,"column":3}},"164":{"start":{"line":363,"column":15},"end":{"line":391,"column":5}},"165":{"start":{"line":367,"column":4},"end":{"line":390,"column":33}},"166":{"start":{"line":368,"column":6},"end":{"line":389,"column":7}},"167":{"start":{"line":369,"column":8},"end":{"line":388,"column":9}},"168":{"start":{"line":371,"column":12},"end":{"line":371,"column":31}},"169":{"start":{"line":372,"column":12},"end":{"line":372,"column":31}},"170":{"start":{"line":373,"column":12},"end":{"line":373,"column":33}},"171":{"start":{"line":376,"column":12},"end":{"line":376,"column":36}},"172":{"start":{"line":377,"column":12},"end":{"line":377,"column":54}},"173":{"start":{"line":380,"column":12},"end":{"line":380,"column":31}},"174":{"start":{"line":381,"column":12},"end":{"line":381,"column":49}},"175":{"start":{"line":382,"column":12},"end":{"line":382,"column":40}},"176":{"start":{"line":383,"column":12},"end":{"line":383,"column":50}},"177":{"start":{"line":387,"column":12},"end":{"line":387,"column":36}},"178":{"start":{"line":393,"column":2},"end":{"line":395,"column":4}},"179":{"start":{"line":394,"column":4},"end":{"line":394,"column":41}},"180":{"start":{"line":398,"column":0},"end":{"line":398,"column":20}}},"fnMap":{"0":{"name":"_interopRequireDefault","decl":{"start":{"line":12,"column":9},"end":{"line":12,"column":31}},"loc":{"start":{"line":12,"column":37},"end":{"line":12,"column":97}},"line":12},"1":{"name":"asyncGeneratorStep","decl":{"start":{"line":14,"column":9},"end":{"line":14,"column":27}},"loc":{"start":{"line":14,"column":75},"end":{"line":14,"column":265}},"line":14},"2":{"name":"_asyncToGenerator","decl":{"start":{"line":16,"column":9},"end":{"line":16,"column":26}},"loc":{"start":{"line":16,"column":31},"end":{"line":16,"column":389}},"line":16},"3":{"name":"(anonymous_3)","decl":{"start":{"line":16,"column":40},"end":{"line":16,"column":41}},"loc":{"start":{"line":16,"column":52},"end":{"line":16,"column":386}},"line":16},"4":{"name":"(anonymous_4)","decl":{"start":{"line":16,"column":108},"end":{"line":16,"column":109}},"loc":{"start":{"line":16,"column":135},"end":{"line":16,"column":382}},"line":16},"5":{"name":"_next","decl":{"start":{"line":16,"column":178},"end":{"line":16,"column":183}},"loc":{"start":{"line":16,"column":191},"end":{"line":16,"column":266}},"line":16},"6":{"name":"_throw","decl":{"start":{"line":16,"column":276},"end":{"line":16,"column":282}},"loc":{"start":{"line":16,"column":288},"end":{"line":16,"column":362}},"line":16},"7":{"name":"(anonymous_7)","decl":{"start":{"line":20,"column":0},"end":{"line":20,"column":1}},"loc":{"start":{"line":20,"column":12},"end":{"line":61,"column":1}},"line":20},"8":{"name":"_callee","decl":{"start":{"line":23,"column":35},"end":{"line":23,"column":42}},"loc":{"start":{"line":23,"column":49},"end":{"line":56,"column":3}},"line":23},"9":{"name":"_callee$","decl":{"start":{"line":25,"column":44},"end":{"line":25,"column":52}},"loc":{"start":{"line":25,"column":63},"end":{"line":55,"column":5}},"line":25},"10":{"name":"movieAlreadyExists","decl":{"start":{"line":58,"column":18},"end":{"line":58,"column":36}},"loc":{"start":{"line":58,"column":41},"end":{"line":60,"column":3}},"line":58},"11":{"name":"(anonymous_11)","decl":{"start":{"line":67,"column":0},"end":{"line":67,"column":1}},"loc":{"start":{"line":67,"column":12},"end":{"line":102,"column":1}},"line":67},"12":{"name":"_callee2","decl":{"start":{"line":70,"column":35},"end":{"line":70,"column":43}},"loc":{"start":{"line":70,"column":62},"end":{"line":97,"column":3}},"line":70},"13":{"name":"_callee2$","decl":{"start":{"line":72,"column":44},"end":{"line":72,"column":53}},"loc":{"start":{"line":72,"column":65},"end":{"line":96,"column":5}},"line":72},"14":{"name":"appendMovieShowtimes","decl":{"start":{"line":99,"column":18},"end":{"line":99,"column":38}},"loc":{"start":{"line":99,"column":49},"end":{"line":101,"column":3}},"line":99},"15":{"name":"(anonymous_15)","decl":{"start":{"line":108,"column":0},"end":{"line":108,"column":1}},"loc":{"start":{"line":108,"column":12},"end":{"line":133,"column":1}},"line":108},"16":{"name":"_callee3","decl":{"start":{"line":111,"column":35},"end":{"line":111,"column":43}},"loc":{"start":{"line":111,"column":50},"end":{"line":128,"column":3}},"line":111},"17":{"name":"_callee3$","decl":{"start":{"line":112,"column":44},"end":{"line":112,"column":53}},"loc":{"start":{"line":112,"column":65},"end":{"line":127,"column":5}},"line":112},"18":{"name":"addNewMovie","decl":{"start":{"line":130,"column":18},"end":{"line":130,"column":29}},"loc":{"start":{"line":130,"column":35},"end":{"line":132,"column":3}},"line":130},"19":{"name":"(anonymous_19)","decl":{"start":{"line":139,"column":0},"end":{"line":139,"column":1}},"loc":{"start":{"line":139,"column":12},"end":{"line":167,"column":1}},"line":139},"20":{"name":"_callee4","decl":{"start":{"line":142,"column":35},"end":{"line":142,"column":43}},"loc":{"start":{"line":142,"column":46},"end":{"line":162,"column":3}},"line":142},"21":{"name":"_callee4$","decl":{"start":{"line":145,"column":44},"end":{"line":145,"column":53}},"loc":{"start":{"line":145,"column":65},"end":{"line":161,"column":5}},"line":145},"22":{"name":"seedDB","decl":{"start":{"line":164,"column":18},"end":{"line":164,"column":24}},"loc":{"start":{"line":164,"column":27},"end":{"line":166,"column":3}},"line":164},"23":{"name":"(anonymous_23)","decl":{"start":{"line":173,"column":0},"end":{"line":173,"column":1}},"loc":{"start":{"line":173,"column":12},"end":{"line":198,"column":1}},"line":173},"24":{"name":"_callee5","decl":{"start":{"line":176,"column":35},"end":{"line":176,"column":43}},"loc":{"start":{"line":176,"column":46},"end":{"line":193,"column":3}},"line":176},"25":{"name":"_callee5$","decl":{"start":{"line":177,"column":44},"end":{"line":177,"column":53}},"loc":{"start":{"line":177,"column":65},"end":{"line":192,"column":5}},"line":177},"26":{"name":"flushDB","decl":{"start":{"line":195,"column":18},"end":{"line":195,"column":25}},"loc":{"start":{"line":195,"column":28},"end":{"line":197,"column":3}},"line":195},"27":{"name":"delay","decl":{"start":{"line":202,"column":21},"end":{"line":202,"column":26}},"loc":{"start":{"line":202,"column":31},"end":{"line":208,"column":1}},"line":202},"28":{"name":"(anonymous_28)","decl":{"start":{"line":203,"column":21},"end":{"line":203,"column":22}},"loc":{"start":{"line":203,"column":40},"end":{"line":207,"column":3}},"line":203},"29":{"name":"(anonymous_29)","decl":{"start":{"line":204,"column":15},"end":{"line":204,"column":16}},"loc":{"start":{"line":204,"column":27},"end":{"line":206,"column":5}},"line":204},"30":{"name":"(anonymous_30)","decl":{"start":{"line":214,"column":0},"end":{"line":214,"column":1}},"loc":{"start":{"line":214,"column":12},"end":{"line":265,"column":1}},"line":214},"31":{"name":"_callee6","decl":{"start":{"line":217,"column":35},"end":{"line":217,"column":43}},"loc":{"start":{"line":217,"column":48},"end":{"line":260,"column":3}},"line":217},"32":{"name":"_callee6$","decl":{"start":{"line":222,"column":44},"end":{"line":222,"column":53}},"loc":{"start":{"line":222,"column":65},"end":{"line":259,"column":5}},"line":222},"33":{"name":"retry","decl":{"start":{"line":262,"column":18},"end":{"line":262,"column":23}},"loc":{"start":{"line":262,"column":29},"end":{"line":264,"column":3}},"line":262},"34":{"name":"formatRuntime","decl":{"start":{"line":269,"column":29},"end":{"line":269,"column":42}},"loc":{"start":{"line":269,"column":49},"end":{"line":277,"column":1}},"line":269},"35":{"name":"formatReleaseDate","decl":{"start":{"line":281,"column":33},"end":{"line":281,"column":50}},"loc":{"start":{"line":281,"column":57},"end":{"line":295,"column":1}},"line":281},"36":{"name":"getDay","decl":{"start":{"line":299,"column":22},"end":{"line":299,"column":28}},"loc":{"start":{"line":299,"column":31},"end":{"line":308,"column":1}},"line":299},"37":{"name":"(anonymous_37)","decl":{"start":{"line":314,"column":0},"end":{"line":314,"column":1}},"loc":{"start":{"line":314,"column":12},"end":{"line":356,"column":1}},"line":314},"38":{"name":"_callee7","decl":{"start":{"line":317,"column":35},"end":{"line":317,"column":43}},"loc":{"start":{"line":317,"column":49},"end":{"line":351,"column":3}},"line":317},"39":{"name":"_callee7$","decl":{"start":{"line":319,"column":44},"end":{"line":319,"column":53}},"loc":{"start":{"line":319,"column":65},"end":{"line":350,"column":5}},"line":319},"40":{"name":"fetch","decl":{"start":{"line":353,"column":18},"end":{"line":353,"column":23}},"loc":{"start":{"line":353,"column":29},"end":{"line":355,"column":3}},"line":353},"41":{"name":"(anonymous_41)","decl":{"start":{"line":362,"column":0},"end":{"line":362,"column":1}},"loc":{"start":{"line":362,"column":12},"end":{"line":396,"column":1}},"line":362},"42":{"name":"_callee8","decl":{"start":{"line":365,"column":35},"end":{"line":365,"column":43}},"loc":{"start":{"line":365,"column":52},"end":{"line":391,"column":3}},"line":365},"43":{"name":"_callee8$","decl":{"start":{"line":367,"column":44},"end":{"line":367,"column":53}},"loc":{"start":{"line":367,"column":65},"end":{"line":390,"column":5}},"line":367},"44":{"name":"list","decl":{"start":{"line":393,"column":18},"end":{"line":393,"column":22}},"loc":{"start":{"line":393,"column":28},"end":{"line":395,"column":3}},"line":393}},"branchMap":{"0":{"loc":{"start":{"line":12,"column":46},"end":{"line":12,"column":94}},"type":"cond-expr","locations":[{"start":{"line":12,"column":70},"end":{"line":12,"column":73}},{"start":{"line":12,"column":76},"end":{"line":12,"column":94}}],"line":12},"1":{"loc":{"start":{"line":12,"column":46},"end":{"line":12,"column":67}},"type":"binary-expr","locations":[{"start":{"line":12,"column":46},"end":{"line":12,"column":49}},{"start":{"line":12,"column":53},"end":{"line":12,"column":67}}],"line":12},"2":{"loc":{"start":{"line":14,"column":176},"end":{"line":14,"column":263}},"type":"if","locations":[{"start":{"line":14,"column":176},"end":{"line":14,"column":263}},{"start":{"line":14,"column":176},"end":{"line":14,"column":263}}],"line":14},"3":{"loc":{"start":{"line":27,"column":8},"end":{"line":53,"column":9}},"type":"switch","locations":[{"start":{"line":28,"column":10},"end":{"line":35,"column":15}},{"start":{"line":37,"column":10},"end":{"line":45,"column":51}},{"start":{"line":47,"column":10},"end":{"line":48,"column":52}},{"start":{"line":50,"column":10},"end":{"line":50,"column":17}},{"start":{"line":51,"column":10},"end":{"line":52,"column":35}}],"line":27},"4":{"loc":{"start":{"line":40,"column":12},"end":{"line":43,"column":13}},"type":"if","locations":[{"start":{"line":40,"column":12},"end":{"line":43,"column":13}},{"start":{"line":40,"column":12},"end":{"line":43,"column":13}}],"line":40},"5":{"loc":{"start":{"line":74,"column":8},"end":{"line":94,"column":9}},"type":"switch","locations":[{"start":{"line":75,"column":10},"end":{"line":86,"column":15}},{"start":{"line":88,"column":10},"end":{"line":89,"column":52}},{"start":{"line":91,"column":10},"end":{"line":91,"column":17}},{"start":{"line":92,"column":10},"end":{"line":93,"column":36}}],"line":74},"6":{"loc":{"start":{"line":114,"column":8},"end":{"line":125,"column":9}},"type":"switch","locations":[{"start":{"line":115,"column":10},"end":{"line":117,"column":50}},{"start":{"line":119,"column":10},"end":{"line":120,"column":52}},{"start":{"line":122,"column":10},"end":{"line":122,"column":17}},{"start":{"line":123,"column":10},"end":{"line":124,"column":36}}],"line":114},"7":{"loc":{"start":{"line":147,"column":8},"end":{"line":159,"column":9}},"type":"switch","locations":[{"start":{"line":148,"column":10},"end":{"line":151,"column":55}},{"start":{"line":153,"column":10},"end":{"line":154,"column":52}},{"start":{"line":156,"column":10},"end":{"line":156,"column":17}},{"start":{"line":157,"column":10},"end":{"line":158,"column":36}}],"line":147},"8":{"loc":{"start":{"line":149,"column":20},"end":{"line":149,"column":81}},"type":"cond-expr","locations":[{"start":{"line":149,"column":67},"end":{"line":149,"column":76}},{"start":{"line":149,"column":79},"end":{"line":149,"column":81}}],"line":149},"9":{"loc":{"start":{"line":149,"column":20},"end":{"line":149,"column":64}},"type":"binary-expr","locations":[{"start":{"line":149,"column":20},"end":{"line":149,"column":37}},{"start":{"line":149,"column":41},"end":{"line":149,"column":64}}],"line":149},"10":{"loc":{"start":{"line":179,"column":8},"end":{"line":190,"column":9}},"type":"switch","locations":[{"start":{"line":180,"column":10},"end":{"line":182,"column":52}},{"start":{"line":184,"column":10},"end":{"line":185,"column":52}},{"start":{"line":187,"column":10},"end":{"line":187,"column":17}},{"start":{"line":188,"column":10},"end":{"line":189,"column":36}}],"line":179},"11":{"loc":{"start":{"line":224,"column":8},"end":{"line":257,"column":9}},"type":"switch","locations":[{"start":{"line":225,"column":10},"end":{"line":230,"column":24}},{"start":{"line":232,"column":10},"end":{"line":234,"column":56}},{"start":{"line":236,"column":10},"end":{"line":245,"column":38}},{"start":{"line":247,"column":10},"end":{"line":249,"column":31}},{"start":{"line":251,"column":10},"end":{"line":252,"column":71}},{"start":{"line":254,"column":10},"end":{"line":254,"column":18}},{"start":{"line":255,"column":10},"end":{"line":256,"column":36}}],"line":224},"12":{"loc":{"start":{"line":226,"column":23},"end":{"line":226,"column":83}},"type":"cond-expr","locations":[{"start":{"line":226,"column":70},"end":{"line":226,"column":79}},{"start":{"line":226,"column":82},"end":{"line":226,"column":83}}],"line":226},"13":{"loc":{"start":{"line":226,"column":23},"end":{"line":226,"column":67}},"type":"binary-expr","locations":[{"start":{"line":226,"column":23},"end":{"line":226,"column":40}},{"start":{"line":226,"column":44},"end":{"line":226,"column":67}}],"line":226},"14":{"loc":{"start":{"line":227,"column":19},"end":{"line":227,"column":82}},"type":"cond-expr","locations":[{"start":{"line":227,"column":66},"end":{"line":227,"column":75}},{"start":{"line":227,"column":78},"end":{"line":227,"column":82}}],"line":227},"15":{"loc":{"start":{"line":227,"column":19},"end":{"line":227,"column":63}},"type":"binary-expr","locations":[{"start":{"line":227,"column":19},"end":{"line":227,"column":36}},{"start":{"line":227,"column":40},"end":{"line":227,"column":63}}],"line":227},"16":{"loc":{"start":{"line":240,"column":12},"end":{"line":243,"column":13}},"type":"if","locations":[{"start":{"line":240,"column":12},"end":{"line":243,"column":13}},{"start":{"line":240,"column":12},"end":{"line":243,"column":13}}],"line":240},"17":{"loc":{"start":{"line":270,"column":2},"end":{"line":272,"column":3}},"type":"if","locations":[{"start":{"line":270,"column":2},"end":{"line":272,"column":3}},{"start":{"line":270,"column":2},"end":{"line":272,"column":3}}],"line":270},"18":{"loc":{"start":{"line":270,"column":6},"end":{"line":270,"column":41}},"type":"binary-expr","locations":[{"start":{"line":270,"column":6},"end":{"line":270,"column":11}},{"start":{"line":270,"column":15},"end":{"line":270,"column":41}}],"line":270},"19":{"loc":{"start":{"line":282,"column":2},"end":{"line":284,"column":3}},"type":"if","locations":[{"start":{"line":282,"column":2},"end":{"line":284,"column":3}},{"start":{"line":282,"column":2},"end":{"line":284,"column":3}}],"line":282},"20":{"loc":{"start":{"line":282,"column":6},"end":{"line":282,"column":45}},"type":"binary-expr","locations":[{"start":{"line":282,"column":6},"end":{"line":282,"column":11}},{"start":{"line":282,"column":15},"end":{"line":282,"column":45}}],"line":282},"21":{"loc":{"start":{"line":321,"column":8},"end":{"line":348,"column":9}},"type":"switch","locations":[{"start":{"line":322,"column":10},"end":{"line":325,"column":47}},{"start":{"line":327,"column":10},"end":{"line":329,"column":61}},{"start":{"line":331,"column":10},"end":{"line":340,"column":52}},{"start":{"line":342,"column":10},"end":{"line":343,"column":31}},{"start":{"line":345,"column":10},"end":{"line":345,"column":18}},{"start":{"line":346,"column":10},"end":{"line":347,"column":36}}],"line":321},"22":{"loc":{"start":{"line":335,"column":12},"end":{"line":338,"column":13}},"type":"if","locations":[{"start":{"line":335,"column":12},"end":{"line":338,"column":13}},{"start":{"line":335,"column":12},"end":{"line":338,"column":13}}],"line":335},"23":{"loc":{"start":{"line":369,"column":8},"end":{"line":388,"column":9}},"type":"switch","locations":[{"start":{"line":370,"column":10},"end":{"line":373,"column":33}},{"start":{"line":375,"column":10},"end":{"line":377,"column":54}},{"start":{"line":379,"column":10},"end":{"line":383,"column":50}},{"start":{"line":385,"column":10},"end":{"line":385,"column":18}},{"start":{"line":386,"column":10},"end":{"line":387,"column":36}}],"line":369}},"s":{"0":1,"1":1,"2":1,"3":1,"4":2,"5":16,"6":16,"7":15,"8":1,"9":1,"10":15,"11":7,"12":8,"13":8,"14":8,"15":8,"16":8,"17":8,"18":15,"19":1,"20":8,"21":1,"22":1,"23":3,"24":9,"25":10,"26":3,"27":3,"28":3,"29":3,"30":3,"31":1,"32":1,"33":2,"34":1,"35":3,"36":1,"37":3,"38":1,"39":1,"40":1,"41":1,"42":3,"43":3,"44":1,"45":1,"46":1,"47":1,"48":1,"49":1,"50":1,"51":1,"52":1,"53":1,"54":2,"55":5,"56":5,"57":2,"58":2,"59":1,"60":2,"61":1,"62":2,"63":1,"64":1,"65":1,"66":1,"67":1,"68":3,"69":3,"70":1,"71":1,"72":1,"73":1,"74":1,"75":1,"76":1,"77":1,"78":1,"79":1,"80":1,"81":3,"82":3,"83":1,"84":1,"85":1,"86":1,"87":1,"88":1,"89":1,"90":1,"91":0,"92":0,"93":0,"94":1,"95":1,"96":1,"97":0,"98":0,"99":0,"100":0,"101":0,"102":0,"103":0,"104":0,"105":0,"106":0,"107":0,"108":0,"109":0,"110":0,"111":0,"112":0,"113":0,"114":0,"115":0,"116":0,"117":0,"118":1,"119":0,"120":1,"121":1,"122":2,"123":1,"124":1,"125":1,"126":1,"127":1,"128":1,"129":2,"130":1,"131":1,"132":1,"133":1,"134":1,"135":1,"136":1,"137":0,"138":0,"139":0,"140":0,"141":1,"142":1,"143":1,"144":0,"145":0,"146":0,"147":0,"148":0,"149":0,"150":0,"151":0,"152":0,"153":0,"154":0,"155":0,"156":0,"157":0,"158":0,"159":0,"160":1,"161":0,"162":1,"163":1,"164":1,"165":0,"166":0,"167":0,"168":0,"169":0,"170":0,"171":0,"172":0,"173":0,"174":0,"175":0,"176":0,"177":0,"178":1,"179":0,"180":1},"f":{"0":2,"1":16,"2":8,"3":8,"4":8,"5":15,"6":1,"7":1,"8":3,"9":9,"10":3,"11":1,"12":1,"13":3,"14":1,"15":1,"16":2,"17":5,"18":2,"19":1,"20":1,"21":3,"22":1,"23":1,"24":1,"25":3,"26":1,"27":0,"28":0,"29":0,"30":1,"31":0,"32":0,"33":0,"34":2,"35":2,"36":0,"37":1,"38":0,"39":0,"40":0,"41":1,"42":0,"43":0,"44":0},"b":{"0":[1,1],"1":[2,2],"2":[7,8],"3":[3,3,1,0,3],"4":[1,2],"5":[1,1,0,1],"6":[2,1,0,2],"7":[1,1,0,1],"8":[1,0],"9":[1,1],"10":[1,1,0,1],"11":[0,0,0,0,0,0,0],"12":[0,0],"13":[0,0],"14":[0,0],"15":[0,0],"16":[0,0],"17":[1,1],"18":[2,1],"19":[1,1],"20":[2,1],"21":[0,0,0,0,0,0],"22":[0,0],"23":[0,0,0,0,0]},"_coverageSchema":"43e27e138ebf9cfc5966b082cf9a028302ed4184","hash":"98c09256a582122b60eec74817a92c7b3ce6cb96","contentHash":"34e8f6b0a5da8a198dc8bb28c375f58157138bdb0bfd107f659fb9be1f4715ba"}}